::1 - - [24/Jul/2020:01:48:06 +0000] "GET /api/getAllUsers HTTP/1.1" 200 7818 "-" "Mozilla/5.0 (Macintosh; Intel Mac OS X 10_14_6) AppleWebKit/537.36 (KHTML, like Gecko) Chrome/83.0.4103.116 Safari/537.36"
::1 - - [24/Jul/2020:08:00:16 +0000] "GET /ordeVenueBot?date=2020-07-25&minute=120 HTTP/1.1" 200 284 "-" "Mozilla/5.0 (Macintosh; Intel Mac OS X 10_14_6) AppleWebKit/537.36 (KHTML, like Gecko) Chrome/83.0.4103.116 Safari/537.36"
::1 - - [24/Jul/2020:08:00:16 +0000] "GET /stylesheets/style.css HTTP/1.1" 304 - "http://localhost:3000/ordeVenueBot?date=2020-07-25&minute=120" "Mozilla/5.0 (Macintosh; Intel Mac OS X 10_14_6) AppleWebKit/537.36 (KHTML, like Gecko) Chrome/83.0.4103.116 Safari/537.36"
::1 - - [24/Jul/2020:08:09:32 +0000] "GET /ordeVenueBot?date=2020-07-25&minute=120 HTTP/1.1" 304 - "-" "Mozilla/5.0 (Macintosh; Intel Mac OS X 10_14_6) AppleWebKit/537.36 (KHTML, like Gecko) Chrome/83.0.4103.116 Safari/537.36"
::1 - - [24/Jul/2020:08:09:32 +0000] "GET /stylesheets/style.css HTTP/1.1" 304 - "http://localhost:3000/ordeVenueBot?date=2020-07-25&minute=120" "Mozilla/5.0 (Macintosh; Intel Mac OS X 10_14_6) AppleWebKit/537.36 (KHTML, like Gecko) Chrome/83.0.4103.116 Safari/537.36"
::1 - - [24/Jul/2020:08:13:26 +0000] "GET /ordeVenueBot?date=2020-07-25&minute=120 HTTP/1.1" 304 - "-" "Mozilla/5.0 (Macintosh; Intel Mac OS X 10_14_6) AppleWebKit/537.36 (KHTML, like Gecko) Chrome/83.0.4103.116 Safari/537.36"
::1 - - [24/Jul/2020:08:13:26 +0000] "GET /stylesheets/style.css HTTP/1.1" 304 - "http://localhost:3000/ordeVenueBot?date=2020-07-25&minute=120" "Mozilla/5.0 (Macintosh; Intel Mac OS X 10_14_6) AppleWebKit/537.36 (KHTML, like Gecko) Chrome/83.0.4103.116 Safari/537.36"
::1 - - [24/Jul/2020:08:50:38 +0000] "GET /ordeVenueBot?date=2020-07-26&minute=120 HTTP/1.1" 200 284 "-" "Mozilla/5.0 (Macintosh; Intel Mac OS X 10_14_6) AppleWebKit/537.36 (KHTML, like Gecko) Chrome/83.0.4103.116 Safari/537.36"
::1 - - [24/Jul/2020:08:50:38 +0000] "GET /stylesheets/style.css HTTP/1.1" 304 - "http://localhost:3000/ordeVenueBot?date=2020-07-26&minute=120" "Mozilla/5.0 (Macintosh; Intel Mac OS X 10_14_6) AppleWebKit/537.36 (KHTML, like Gecko) Chrome/83.0.4103.116 Safari/537.36"
::1 - - [24/Jul/2020:08:50:59 +0000] "GET /ordeVenueBot?date=2020-07-26&minute=120 HTTP/1.1" 304 - "-" "Mozilla/5.0 (Macintosh; Intel Mac OS X 10_14_6) AppleWebKit/537.36 (KHTML, like Gecko) Chrome/83.0.4103.116 Safari/537.36"
::1 - - [24/Jul/2020:08:50:59 +0000] "GET /stylesheets/style.css HTTP/1.1" 304 - "http://localhost:3000/ordeVenueBot?date=2020-07-26&minute=120" "Mozilla/5.0 (Macintosh; Intel Mac OS X 10_14_6) AppleWebKit/537.36 (KHTML, like Gecko) Chrome/83.0.4103.116 Safari/537.36"
::1 - - [24/Jul/2020:09:08:07 +0000] "GET /ordeVenueBot?date=2020-07-26&minute=120 HTTP/1.1" 304 - "-" "Mozilla/5.0 (Macintosh; Intel Mac OS X 10_14_6) AppleWebKit/537.36 (KHTML, like Gecko) Chrome/83.0.4103.116 Safari/537.36"
::1 - - [24/Jul/2020:09:08:07 +0000] "GET /stylesheets/style.css HTTP/1.1" 304 - "http://localhost:3000/ordeVenueBot?date=2020-07-26&minute=120" "Mozilla/5.0 (Macintosh; Intel Mac OS X 10_14_6) AppleWebKit/537.36 (KHTML, like Gecko) Chrome/83.0.4103.116 Safari/537.36"
::1 - - [24/Jul/2020:09:10:54 +0000] "GET /ordeVenueBot?date=2020-07-26&minute=120 HTTP/1.1" 304 - "-" "Mozilla/5.0 (Macintosh; Intel Mac OS X 10_14_6) AppleWebKit/537.36 (KHTML, like Gecko) Chrome/83.0.4103.116 Safari/537.36"
::1 - - [24/Jul/2020:09:10:54 +0000] "GET /stylesheets/style.css HTTP/1.1" 304 - "http://localhost:3000/ordeVenueBot?date=2020-07-26&minute=120" "Mozilla/5.0 (Macintosh; Intel Mac OS X 10_14_6) AppleWebKit/537.36 (KHTML, like Gecko) Chrome/83.0.4103.116 Safari/537.36"
::1 - - [24/Jul/2020:09:11:31 +0000] "GET /ordeVenueBot?date=2020-07-26&minute=120 HTTP/1.1" 304 - "-" "Mozilla/5.0 (Macintosh; Intel Mac OS X 10_14_6) AppleWebKit/537.36 (KHTML, like Gecko) Chrome/83.0.4103.116 Safari/537.36"
::1 - - [24/Jul/2020:09:11:31 +0000] "GET /stylesheets/style.css HTTP/1.1" 304 - "http://localhost:3000/ordeVenueBot?date=2020-07-26&minute=120" "Mozilla/5.0 (Macintosh; Intel Mac OS X 10_14_6) AppleWebKit/537.36 (KHTML, like Gecko) Chrome/83.0.4103.116 Safari/537.36"
::1 - - [24/Jul/2020:09:14:01 +0000] "GET /api/getAllUsers HTTP/1.1" 404 1202 "-" "Mozilla/5.0 (Macintosh; Intel Mac OS X 10_14_6) AppleWebKit/537.36 (KHTML, like Gecko) Chrome/83.0.4103.116 Safari/537.36"
::1 - - [24/Jul/2020:09:14:01 +0000] "GET /stylesheets/style.css HTTP/1.1" 304 - "http://localhost:3000/api/getAllUsers" "Mozilla/5.0 (Macintosh; Intel Mac OS X 10_14_6) AppleWebKit/537.36 (KHTML, like Gecko) Chrome/83.0.4103.116 Safari/537.36"
::1 - - [24/Jul/2020:09:14:22 +0000] "GET /api/getAllLoans HTTP/1.1" 200 7818 "-" "Mozilla/5.0 (Macintosh; Intel Mac OS X 10_14_6) AppleWebKit/537.36 (KHTML, like Gecko) Chrome/83.0.4103.116 Safari/537.36"
::1 - - [24/Jul/2020:09:14:46 +0000] "GET /api/getLoans HTTP/1.1" 200 7818 "-" "Mozilla/5.0 (Macintosh; Intel Mac OS X 10_14_6) AppleWebKit/537.36 (KHTML, like Gecko) Chrome/83.0.4103.116 Safari/537.36"
