::1 - - [29/Jul/2020:03:20:04 +0000] "GET /api/addWish HTTP/1.1" 404 1202 "-" "PostmanRuntime/7.21.0"
::1 - - [29/Jul/2020:03:22:22 +0000] "POST /api/addWish HTTP/1.1" 200 127 "-" "PostmanRuntime/7.21.0"
::1 - - [29/Jul/2020:08:09:31 +0000] "POST /api/addWish HTTP/1.1" 200 127 "-" "PostmanRuntime/7.21.0"
::1 - - [29/Jul/2020:08:11:06 +0000] "POST /api/addWish HTTP/1.1" 200 127 "-" "PostmanRuntime/7.21.0"
::1 - - [29/Jul/2020:08:44:12 +0000] "POST /api/addWish HTTP/1.1" 200 37 "-" "PostmanRuntime/7.21.0"
::1 - - [29/Jul/2020:08:44:35 +0000] "POST /api/addWish HTTP/1.1" 200 37 "-" "PostmanRuntime/7.21.0"
::1 - - [29/Jul/2020:08:49:09 +0000] "POST /api/addWish HTTP/1.1" 200 37 "-" "PostmanRuntime/7.21.0"
::1 - - [29/Jul/2020:12:41:58 +0000] "GET / HTTP/1.1" 404 1322 "-" "Mozilla/5.0 (Windows NT 10.0; WOW64) AppleWebKit/537.36 (KHTML, like Gecko) Chrome/72.0.3626.81 Safari/537.36 SE 2.X MetaSr 1.0"
::1 - - [29/Jul/2020:12:42:20 +0000] "GET /orderVenue?date=2020-07-30&minute=120 HTTP/1.1" 404 1322 "-" "Mozilla/5.0 (Windows NT 10.0; WOW64) AppleWebKit/537.36 (KHTML, like Gecko) Chrome/72.0.3626.81 Safari/537.36 SE 2.X MetaSr 1.0"
::1 - - [29/Jul/2020:12:42:21 +0000] "GET /stylesheets/style.css HTTP/1.1" 200 119 "http://localhost:3000/orderVenue?date=2020-07-30&minute=120" "Mozilla/5.0 (Windows NT 10.0; WOW64) AppleWebKit/537.36 (KHTML, like Gecko) Chrome/72.0.3626.81 Safari/537.36 SE 2.X MetaSr 1.0"
::1 - - [29/Jul/2020:12:42:57 +0000] "GET /ordeVenueBot?date=2020-07-30&minute=120 HTTP/1.1" 200 284 "-" "Mozilla/5.0 (Windows NT 10.0; WOW64) AppleWebKit/537.36 (KHTML, like Gecko) Chrome/72.0.3626.81 Safari/537.36 SE 2.X MetaSr 1.0"
::1 - - [29/Jul/2020:12:42:57 +0000] "GET /stylesheets/style.css HTTP/1.1" 304 - "http://localhost:3000/ordeVenueBot?date=2020-07-30&minute=120" "Mozilla/5.0 (Windows NT 10.0; WOW64) AppleWebKit/537.36 (KHTML, like Gecko) Chrome/72.0.3626.81 Safari/537.36 SE 2.X MetaSr 1.0"
::1 - - [29/Jul/2020:12:44:32 +0000] "GET /orderVenueBot?date=2020-07-30&minute=120 HTTP/1.1" 200 284 "-" "Mozilla/5.0 (Windows NT 10.0; WOW64) AppleWebKit/537.36 (KHTML, like Gecko) Chrome/72.0.3626.81 Safari/537.36 SE 2.X MetaSr 1.0"
::1 - - [29/Jul/2020:12:44:32 +0000] "GET /stylesheets/style.css HTTP/1.1" 304 - "http://localhost:3000/orderVenueBot?date=2020-07-30&minute=120" "Mozilla/5.0 (Windows NT 10.0; WOW64) AppleWebKit/537.36 (KHTML, like Gecko) Chrome/72.0.3626.81 Safari/537.36 SE 2.X MetaSr 1.0"
::1 - - [29/Jul/2020:12:46:56 +0000] "GET /orderVenueBot?date=2020-07-30&minute=120 HTTP/1.1" 304 - "-" "Mozilla/5.0 (Windows NT 10.0; WOW64) AppleWebKit/537.36 (KHTML, like Gecko) Chrome/72.0.3626.81 Safari/537.36 SE 2.X MetaSr 1.0"
::1 - - [29/Jul/2020:12:46:56 +0000] "GET /stylesheets/style.css HTTP/1.1" 304 - "http://localhost:3000/orderVenueBot?date=2020-07-30&minute=120" "Mozilla/5.0 (Windows NT 10.0; WOW64) AppleWebKit/537.36 (KHTML, like Gecko) Chrome/72.0.3626.81 Safari/537.36 SE 2.X MetaSr 1.0"
::1 - - [29/Jul/2020:12:53:36 +0000] "GET /orderVenueBot?date=2020-07-30&minute=120 HTTP/1.1" 304 - "-" "Mozilla/5.0 (Windows NT 10.0; WOW64) AppleWebKit/537.36 (KHTML, like Gecko) Chrome/72.0.3626.81 Safari/537.36 SE 2.X MetaSr 1.0"
::1 - - [29/Jul/2020:12:53:37 +0000] "GET /stylesheets/style.css HTTP/1.1" 304 - "http://localhost:3000/orderVenueBot?date=2020-07-30&minute=120" "Mozilla/5.0 (Windows NT 10.0; WOW64) AppleWebKit/537.36 (KHTML, like Gecko) Chrome/72.0.3626.81 Safari/537.36 SE 2.X MetaSr 1.0"
::1 - - [29/Jul/2020:12:54:13 +0000] "GET /orderVenueBot?date=2020-07-30&minute=120 HTTP/1.1" 304 - "-" "Mozilla/5.0 (Windows NT 10.0; WOW64) AppleWebKit/537.36 (KHTML, like Gecko) Chrome/72.0.3626.81 Safari/537.36 SE 2.X MetaSr 1.0"
::1 - - [29/Jul/2020:12:54:13 +0000] "GET /stylesheets/style.css HTTP/1.1" 304 - "http://localhost:3000/orderVenueBot?date=2020-07-30&minute=120" "Mozilla/5.0 (Windows NT 10.0; WOW64) AppleWebKit/537.36 (KHTML, like Gecko) Chrome/72.0.3626.81 Safari/537.36 SE 2.X MetaSr 1.0"
::1 - - [29/Jul/2020:12:56:43 +0000] "GET /orderVenueBot?date=2020-07-30&minute=120 HTTP/1.1" 304 - "-" "Mozilla/5.0 (Windows NT 10.0; WOW64) AppleWebKit/537.36 (KHTML, like Gecko) Chrome/72.0.3626.81 Safari/537.36 SE 2.X MetaSr 1.0"
::1 - - [29/Jul/2020:12:56:43 +0000] "GET /stylesheets/style.css HTTP/1.1" 304 - "http://localhost:3000/orderVenueBot?date=2020-07-30&minute=120" "Mozilla/5.0 (Windows NT 10.0; WOW64) AppleWebKit/537.36 (KHTML, like Gecko) Chrome/72.0.3626.81 Safari/537.36 SE 2.X MetaSr 1.0"
::1 - - [29/Jul/2020:12:57:30 +0000] "GET /orderVenueBot?date=2020-07-30&minute=120 HTTP/1.1" 304 - "-" "Mozilla/5.0 (Windows NT 10.0; WOW64) AppleWebKit/537.36 (KHTML, like Gecko) Chrome/72.0.3626.81 Safari/537.36 SE 2.X MetaSr 1.0"
::1 - - [29/Jul/2020:12:57:30 +0000] "GET /stylesheets/style.css HTTP/1.1" 304 - "http://localhost:3000/orderVenueBot?date=2020-07-30&minute=120" "Mozilla/5.0 (Windows NT 10.0; WOW64) AppleWebKit/537.36 (KHTML, like Gecko) Chrome/72.0.3626.81 Safari/537.36 SE 2.X MetaSr 1.0"
::1 - - [29/Jul/2020:12:58:15 +0000] "GET /orderVenueBot?date=2020-07-30&minute=120 HTTP/1.1" 304 - "-" "Mozilla/5.0 (Windows NT 10.0; WOW64) AppleWebKit/537.36 (KHTML, like Gecko) Chrome/72.0.3626.81 Safari/537.36 SE 2.X MetaSr 1.0"
::1 - - [29/Jul/2020:12:58:15 +0000] "GET /stylesheets/style.css HTTP/1.1" 304 - "http://localhost:3000/orderVenueBot?date=2020-07-30&minute=120" "Mozilla/5.0 (Windows NT 10.0; WOW64) AppleWebKit/537.36 (KHTML, like Gecko) Chrome/72.0.3626.81 Safari/537.36 SE 2.X MetaSr 1.0"
::1 - - [29/Jul/2020:12:58:48 +0000] "GET /orderVenueBot?date=2020-07-30&minute=120 HTTP/1.1" 304 - "-" "Mozilla/5.0 (Windows NT 10.0; WOW64) AppleWebKit/537.36 (KHTML, like Gecko) Chrome/72.0.3626.81 Safari/537.36 SE 2.X MetaSr 1.0"
::1 - - [29/Jul/2020:12:58:48 +0000] "GET /stylesheets/style.css HTTP/1.1" 304 - "http://localhost:3000/orderVenueBot?date=2020-07-30&minute=120" "Mozilla/5.0 (Windows NT 10.0; WOW64) AppleWebKit/537.36 (KHTML, like Gecko) Chrome/72.0.3626.81 Safari/537.36 SE 2.X MetaSr 1.0"
::1 - - [29/Jul/2020:13:25:08 +0000] "GET /orderVenueBot?date=2020-07-30&minute=120 HTTP/1.1" 304 - "-" "Mozilla/5.0 (Windows NT 10.0; WOW64) AppleWebKit/537.36 (KHTML, like Gecko) Chrome/72.0.3626.81 Safari/537.36 SE 2.X MetaSr 1.0"
::1 - - [29/Jul/2020:13:25:09 +0000] "GET /stylesheets/style.css HTTP/1.1" 304 - "http://localhost:3000/orderVenueBot?date=2020-07-30&minute=120" "Mozilla/5.0 (Windows NT 10.0; WOW64) AppleWebKit/537.36 (KHTML, like Gecko) Chrome/72.0.3626.81 Safari/537.36 SE 2.X MetaSr 1.0"
::1 - - [29/Jul/2020:13:25:41 +0000] "GET /orderVenueBot?date=2020-07-30&minute=120 HTTP/1.1" 304 - "-" "Mozilla/5.0 (Windows NT 10.0; WOW64) AppleWebKit/537.36 (KHTML, like Gecko) Chrome/72.0.3626.81 Safari/537.36 SE 2.X MetaSr 1.0"
::1 - - [29/Jul/2020:13:25:41 +0000] "GET /stylesheets/style.css HTTP/1.1" 304 - "http://localhost:3000/orderVenueBot?date=2020-07-30&minute=120" "Mozilla/5.0 (Windows NT 10.0; WOW64) AppleWebKit/537.36 (KHTML, like Gecko) Chrome/72.0.3626.81 Safari/537.36 SE 2.X MetaSr 1.0"
::1 - - [29/Jul/2020:13:26:20 +0000] "GET /orderVenueBot?date=2020-07-30&minute=120 HTTP/1.1" 304 - "-" "Mozilla/5.0 (Windows NT 10.0; WOW64) AppleWebKit/537.36 (KHTML, like Gecko) Chrome/72.0.3626.81 Safari/537.36 SE 2.X MetaSr 1.0"
::1 - - [29/Jul/2020:13:26:20 +0000] "GET /stylesheets/style.css HTTP/1.1" 304 - "http://localhost:3000/orderVenueBot?date=2020-07-30&minute=120" "Mozilla/5.0 (Windows NT 10.0; WOW64) AppleWebKit/537.36 (KHTML, like Gecko) Chrome/72.0.3626.81 Safari/537.36 SE 2.X MetaSr 1.0"
::1 - - [29/Jul/2020:13:29:44 +0000] "GET /orderVenueBot?date=2020-07-30&minute=120 HTTP/1.1" 304 - "-" "Mozilla/5.0 (Windows NT 10.0; WOW64) AppleWebKit/537.36 (KHTML, like Gecko) Chrome/72.0.3626.81 Safari/537.36 SE 2.X MetaSr 1.0"
::1 - - [29/Jul/2020:13:29:44 +0000] "GET /stylesheets/style.css HTTP/1.1" 304 - "http://localhost:3000/orderVenueBot?date=2020-07-30&minute=120" "Mozilla/5.0 (Windows NT 10.0; WOW64) AppleWebKit/537.36 (KHTML, like Gecko) Chrome/72.0.3626.81 Safari/537.36 SE 2.X MetaSr 1.0"
::1 - - [29/Jul/2020:13:31:48 +0000] "GET /orderVenueBot?date=2020-07-30&minute=120 HTTP/1.1" 304 - "-" "Mozilla/5.0 (Windows NT 10.0; WOW64) AppleWebKit/537.36 (KHTML, like Gecko) Chrome/72.0.3626.81 Safari/537.36 SE 2.X MetaSr 1.0"
::1 - - [29/Jul/2020:13:31:48 +0000] "GET /stylesheets/style.css HTTP/1.1" 304 - "http://localhost:3000/orderVenueBot?date=2020-07-30&minute=120" "Mozilla/5.0 (Windows NT 10.0; WOW64) AppleWebKit/537.36 (KHTML, like Gecko) Chrome/72.0.3626.81 Safari/537.36 SE 2.X MetaSr 1.0"
::1 - - [29/Jul/2020:13:36:25 +0000] "GET /orderVenueBot?date=2020-07-30&minute=120 HTTP/1.1" 304 - "-" "Mozilla/5.0 (Windows NT 10.0; WOW64) AppleWebKit/537.36 (KHTML, like Gecko) Chrome/72.0.3626.81 Safari/537.36 SE 2.X MetaSr 1.0"
::1 - - [29/Jul/2020:13:36:25 +0000] "GET /stylesheets/style.css HTTP/1.1" 304 - "http://localhost:3000/orderVenueBot?date=2020-07-30&minute=120" "Mozilla/5.0 (Windows NT 10.0; WOW64) AppleWebKit/537.36 (KHTML, like Gecko) Chrome/72.0.3626.81 Safari/537.36 SE 2.X MetaSr 1.0"
::1 - - [29/Jul/2020:13:37:00 +0000] "GET /venueBot?date=2020-07-30&minute=120 HTTP/1.1" 200 272 "-" "Mozilla/5.0 (Windows NT 10.0; WOW64) AppleWebKit/537.36 (KHTML, like Gecko) Chrome/72.0.3626.81 Safari/537.36 SE 2.X MetaSr 1.0"
::1 - - [29/Jul/2020:13:37:00 +0000] "GET /stylesheets/style.css HTTP/1.1" 304 - "http://localhost:3000/venueBot?date=2020-07-30&minute=120" "Mozilla/5.0 (Windows NT 10.0; WOW64) AppleWebKit/537.36 (KHTML, like Gecko) Chrome/72.0.3626.81 Safari/537.36 SE 2.X MetaSr 1.0"
::1 - - [29/Jul/2020:13:41:09 +0000] "GET /venueBot?date=2020-07-30&minute=120 HTTP/1.1" 304 - "-" "Mozilla/5.0 (Windows NT 10.0; WOW64) AppleWebKit/537.36 (KHTML, like Gecko) Chrome/72.0.3626.81 Safari/537.36 SE 2.X MetaSr 1.0"
::1 - - [29/Jul/2020:13:41:09 +0000] "GET /stylesheets/style.css HTTP/1.1" 304 - "http://localhost:3000/venueBot?date=2020-07-30&minute=120" "Mozilla/5.0 (Windows NT 10.0; WOW64) AppleWebKit/537.36 (KHTML, like Gecko) Chrome/72.0.3626.81 Safari/537.36 SE 2.X MetaSr 1.0"
::1 - - [29/Jul/2020:13:43:25 +0000] "GET /venueBot?date=2020-07-30&minute=120 HTTP/1.1" 304 - "-" "Mozilla/5.0 (Windows NT 10.0; WOW64) AppleWebKit/537.36 (KHTML, like Gecko) Chrome/72.0.3626.81 Safari/537.36 SE 2.X MetaSr 1.0"
::1 - - [29/Jul/2020:13:43:25 +0000] "GET /stylesheets/style.css HTTP/1.1" 304 - "http://localhost:3000/venueBot?date=2020-07-30&minute=120" "Mozilla/5.0 (Windows NT 10.0; WOW64) AppleWebKit/537.36 (KHTML, like Gecko) Chrome/72.0.3626.81 Safari/537.36 SE 2.X MetaSr 1.0"
::1 - - [29/Jul/2020:13:44:17 +0000] "GET /venueBot?date=2020-07-30&minute=120 HTTP/1.1" 304 - "-" "Mozilla/5.0 (Windows NT 10.0; WOW64) AppleWebKit/537.36 (KHTML, like Gecko) Chrome/72.0.3626.81 Safari/537.36 SE 2.X MetaSr 1.0"
::1 - - [29/Jul/2020:13:44:17 +0000] "GET /stylesheets/style.css HTTP/1.1" 304 - "http://localhost:3000/venueBot?date=2020-07-30&minute=120" "Mozilla/5.0 (Windows NT 10.0; WOW64) AppleWebKit/537.36 (KHTML, like Gecko) Chrome/72.0.3626.81 Safari/537.36 SE 2.X MetaSr 1.0"
::1 - - [29/Jul/2020:13:53:42 +0000] "GET /venueBot?date=2020-07-30&minute=120 HTTP/1.1" 304 - "-" "Mozilla/5.0 (Windows NT 10.0; WOW64) AppleWebKit/537.36 (KHTML, like Gecko) Chrome/72.0.3626.81 Safari/537.36 SE 2.X MetaSr 1.0"
::1 - - [29/Jul/2020:13:53:42 +0000] "GET /stylesheets/style.css HTTP/1.1" 304 - "http://localhost:3000/venueBot?date=2020-07-30&minute=120" "Mozilla/5.0 (Windows NT 10.0; WOW64) AppleWebKit/537.36 (KHTML, like Gecko) Chrome/72.0.3626.81 Safari/537.36 SE 2.X MetaSr 1.0"
::1 - - [29/Jul/2020:13:57:55 +0000] "GET /venueBot?date=2020-07-30&minute=120 HTTP/1.1" 304 - "-" "Mozilla/5.0 (Windows NT 10.0; WOW64) AppleWebKit/537.36 (KHTML, like Gecko) Chrome/72.0.3626.81 Safari/537.36 SE 2.X MetaSr 1.0"
::1 - - [29/Jul/2020:13:57:55 +0000] "GET /stylesheets/style.css HTTP/1.1" 304 - "http://localhost:3000/venueBot?date=2020-07-30&minute=120" "Mozilla/5.0 (Windows NT 10.0; WOW64) AppleWebKit/537.36 (KHTML, like Gecko) Chrome/72.0.3626.81 Safari/537.36 SE 2.X MetaSr 1.0"
::1 - - [29/Jul/2020:13:59:08 +0000] "GET /venueBot?date=2020-07-30&minute=120 HTTP/1.1" 304 - "-" "Mozilla/5.0 (Windows NT 10.0; WOW64) AppleWebKit/537.36 (KHTML, like Gecko) Chrome/72.0.3626.81 Safari/537.36 SE 2.X MetaSr 1.0"
::1 - - [29/Jul/2020:13:59:08 +0000] "GET /stylesheets/style.css HTTP/1.1" 304 - "http://localhost:3000/venueBot?date=2020-07-30&minute=120" "Mozilla/5.0 (Windows NT 10.0; WOW64) AppleWebKit/537.36 (KHTML, like Gecko) Chrome/72.0.3626.81 Safari/537.36 SE 2.X MetaSr 1.0"
::1 - - [29/Jul/2020:14:10:43 +0000] "GET /venueBot?date=2020-07-30&minute=120 HTTP/1.1" 304 - "-" "Mozilla/5.0 (Windows NT 10.0; WOW64) AppleWebKit/537.36 (KHTML, like Gecko) Chrome/72.0.3626.81 Safari/537.36 SE 2.X MetaSr 1.0"
::1 - - [29/Jul/2020:14:10:43 +0000] "GET /stylesheets/style.css HTTP/1.1" 304 - "http://localhost:3000/venueBot?date=2020-07-30&minute=120" "Mozilla/5.0 (Windows NT 10.0; WOW64) AppleWebKit/537.36 (KHTML, like Gecko) Chrome/72.0.3626.81 Safari/537.36 SE 2.X MetaSr 1.0"
::1 - - [29/Jul/2020:14:12:02 +0000] "GET /venueBot?date=2020-07-30&minute=120 HTTP/1.1" 304 - "-" "Mozilla/5.0 (Windows NT 10.0; WOW64) AppleWebKit/537.36 (KHTML, like Gecko) Chrome/72.0.3626.81 Safari/537.36 SE 2.X MetaSr 1.0"
::1 - - [29/Jul/2020:14:12:02 +0000] "GET /stylesheets/style.css HTTP/1.1" 304 - "http://localhost:3000/venueBot?date=2020-07-30&minute=120" "Mozilla/5.0 (Windows NT 10.0; WOW64) AppleWebKit/537.36 (KHTML, like Gecko) Chrome/72.0.3626.81 Safari/537.36 SE 2.X MetaSr 1.0"
::1 - - [29/Jul/2020:14:18:25 +0000] "GET /orderVenueBot?date=2020-07-30&minute=120 HTTP/1.1" 304 - "-" "Mozilla/5.0 (Windows NT 10.0; WOW64) AppleWebKit/537.36 (KHTML, like Gecko) Chrome/72.0.3626.81 Safari/537.36 SE 2.X MetaSr 1.0"
::1 - - [29/Jul/2020:14:18:25 +0000] "GET /stylesheets/style.css HTTP/1.1" 304 - "http://localhost:3000/orderVenueBot?date=2020-07-30&minute=120" "Mozilla/5.0 (Windows NT 10.0; WOW64) AppleWebKit/537.36 (KHTML, like Gecko) Chrome/72.0.3626.81 Safari/537.36 SE 2.X MetaSr 1.0"
::1 - - [29/Jul/2020:14:21:10 +0000] "GET /orderVenueBot?date=2020-07-30&minute=120 HTTP/1.1" 304 - "-" "Mozilla/5.0 (Windows NT 10.0; WOW64) AppleWebKit/537.36 (KHTML, like Gecko) Chrome/72.0.3626.81 Safari/537.36 SE 2.X MetaSr 1.0"
::1 - - [29/Jul/2020:14:21:10 +0000] "GET /stylesheets/style.css HTTP/1.1" 304 - "http://localhost:3000/orderVenueBot?date=2020-07-30&minute=120" "Mozilla/5.0 (Windows NT 10.0; WOW64) AppleWebKit/537.36 (KHTML, like Gecko) Chrome/72.0.3626.81 Safari/537.36 SE 2.X MetaSr 1.0"
::1 - - [29/Jul/2020:14:22:12 +0000] "GET /orderVenueBot?date=2020-07-30&minute=120 HTTP/1.1" 304 - "-" "Mozilla/5.0 (Windows NT 10.0; WOW64) AppleWebKit/537.36 (KHTML, like Gecko) Chrome/72.0.3626.81 Safari/537.36 SE 2.X MetaSr 1.0"
::1 - - [29/Jul/2020:14:22:12 +0000] "GET /stylesheets/style.css HTTP/1.1" 304 - "http://localhost:3000/orderVenueBot?date=2020-07-30&minute=120" "Mozilla/5.0 (Windows NT 10.0; WOW64) AppleWebKit/537.36 (KHTML, like Gecko) Chrome/72.0.3626.81 Safari/537.36 SE 2.X MetaSr 1.0"
::1 - - [29/Jul/2020:14:24:12 +0000] "GET /orderVenueBot?date=2020-07-30&minute=120 HTTP/1.1" 304 - "-" "Mozilla/5.0 (Windows NT 10.0; WOW64) AppleWebKit/537.36 (KHTML, like Gecko) Chrome/72.0.3626.81 Safari/537.36 SE 2.X MetaSr 1.0"
::1 - - [29/Jul/2020:14:24:12 +0000] "GET /stylesheets/style.css HTTP/1.1" 304 - "http://localhost:3000/orderVenueBot?date=2020-07-30&minute=120" "Mozilla/5.0 (Windows NT 10.0; WOW64) AppleWebKit/537.36 (KHTML, like Gecko) Chrome/72.0.3626.81 Safari/537.36 SE 2.X MetaSr 1.0"
::1 - - [29/Jul/2020:14:25:21 +0000] "GET /orderVenueBot?date=2020-07-31&minute=120 HTTP/1.1" 200 284 "-" "Mozilla/5.0 (Windows NT 10.0; WOW64) AppleWebKit/537.36 (KHTML, like Gecko) Chrome/72.0.3626.81 Safari/537.36 SE 2.X MetaSr 1.0"
::1 - - [29/Jul/2020:14:25:21 +0000] "GET /stylesheets/style.css HTTP/1.1" 304 - "http://localhost:3000/orderVenueBot?date=2020-07-31&minute=120" "Mozilla/5.0 (Windows NT 10.0; WOW64) AppleWebKit/537.36 (KHTML, like Gecko) Chrome/72.0.3626.81 Safari/537.36 SE 2.X MetaSr 1.0"
::1 - - [29/Jul/2020:14:36:40 +0000] "GET /orderVenueBot?date=2020-07-31&minute=120 HTTP/1.1" 304 - "-" "Mozilla/5.0 (Windows NT 10.0; WOW64) AppleWebKit/537.36 (KHTML, like Gecko) Chrome/72.0.3626.81 Safari/537.36 SE 2.X MetaSr 1.0"
::1 - - [29/Jul/2020:14:36:40 +0000] "GET /stylesheets/style.css HTTP/1.1" 304 - "http://localhost:3000/orderVenueBot?date=2020-07-31&minute=120" "Mozilla/5.0 (Windows NT 10.0; WOW64) AppleWebKit/537.36 (KHTML, like Gecko) Chrome/72.0.3626.81 Safari/537.36 SE 2.X MetaSr 1.0"
