::1 - - [12/Apr/2021:16:00:04 +0000] "GET /test/question HTTP/1.1" 304 - "-" "Mozilla/5.0 (Macintosh; Intel Mac OS X 10_14_6) AppleWebKit/537.36 (KHTML, like Gecko) Chrome/89.0.4389.114 Safari/537.36"
::1 - - [12/Apr/2021:16:00:04 +0000] "GET /stylesheets/style.css HTTP/1.1" 304 - "http://localhost:3000/test/question" "Mozilla/5.0 (Macintosh; Intel Mac OS X 10_14_6) AppleWebKit/537.36 (KHTML, like Gecko) Chrome/89.0.4389.114 Safari/537.36"
::1 - - [12/Apr/2021:16:00:47 +0000] "GET /test/question HTTP/1.1" 304 - "-" "Mozilla/5.0 (Macintosh; Intel Mac OS X 10_14_6) AppleWebKit/537.36 (KHTML, like Gecko) Chrome/89.0.4389.114 Safari/537.36"
::1 - - [12/Apr/2021:16:00:47 +0000] "GET /stylesheets/style.css HTTP/1.1" 304 - "http://localhost:3000/test/question" "Mozilla/5.0 (Macintosh; Intel Mac OS X 10_14_6) AppleWebKit/537.36 (KHTML, like Gecko) Chrome/89.0.4389.114 Safari/537.36"
::1 - - [12/Apr/2021:16:00:48 +0000] "GET /test/question HTTP/1.1" 304 - "-" "Mozilla/5.0 (Macintosh; Intel Mac OS X 10_14_6) AppleWebKit/537.36 (KHTML, like Gecko) Chrome/89.0.4389.114 Safari/537.36"
::1 - - [12/Apr/2021:16:00:48 +0000] "GET /stylesheets/style.css HTTP/1.1" 304 - "http://localhost:3000/test/question" "Mozilla/5.0 (Macintosh; Intel Mac OS X 10_14_6) AppleWebKit/537.36 (KHTML, like Gecko) Chrome/89.0.4389.114 Safari/537.36"
::1 - - [12/Apr/2021:16:03:02 +0000] "GET /test/question HTTP/1.1" 304 - "-" "Mozilla/5.0 (Macintosh; Intel Mac OS X 10_14_6) AppleWebKit/537.36 (KHTML, like Gecko) Chrome/89.0.4389.114 Safari/537.36"
::1 - - [12/Apr/2021:16:03:03 +0000] "GET /stylesheets/style.css HTTP/1.1" 304 - "http://localhost:3000/test/question" "Mozilla/5.0 (Macintosh; Intel Mac OS X 10_14_6) AppleWebKit/537.36 (KHTML, like Gecko) Chrome/89.0.4389.114 Safari/537.36"
::1 - - [12/Apr/2021:16:05:02 +0000] "GET /test/question HTTP/1.1" 304 - "-" "Mozilla/5.0 (Macintosh; Intel Mac OS X 10_14_6) AppleWebKit/537.36 (KHTML, like Gecko) Chrome/89.0.4389.114 Safari/537.36"
::1 - - [12/Apr/2021:16:05:02 +0000] "GET /stylesheets/style.css HTTP/1.1" 304 - "http://localhost:3000/test/question" "Mozilla/5.0 (Macintosh; Intel Mac OS X 10_14_6) AppleWebKit/537.36 (KHTML, like Gecko) Chrome/89.0.4389.114 Safari/537.36"
::1 - - [12/Apr/2021:16:13:19 +0000] "GET /test/question HTTP/1.1" 304 - "-" "Mozilla/5.0 (Macintosh; Intel Mac OS X 10_14_6) AppleWebKit/537.36 (KHTML, like Gecko) Chrome/89.0.4389.114 Safari/537.36"
::1 - - [12/Apr/2021:16:13:19 +0000] "GET /stylesheets/style.css HTTP/1.1" 304 - "http://localhost:3000/test/question" "Mozilla/5.0 (Macintosh; Intel Mac OS X 10_14_6) AppleWebKit/537.36 (KHTML, like Gecko) Chrome/89.0.4389.114 Safari/537.36"
::1 - - [12/Apr/2021:16:20:25 +0000] "GET /test/question HTTP/1.1" 304 - "-" "Mozilla/5.0 (Macintosh; Intel Mac OS X 10_14_6) AppleWebKit/537.36 (KHTML, like Gecko) Chrome/89.0.4389.114 Safari/537.36"
::1 - - [12/Apr/2021:16:20:25 +0000] "GET /stylesheets/style.css HTTP/1.1" 304 - "http://localhost:3000/test/question" "Mozilla/5.0 (Macintosh; Intel Mac OS X 10_14_6) AppleWebKit/537.36 (KHTML, like Gecko) Chrome/89.0.4389.114 Safari/537.36"
::1 - - [12/Apr/2021:16:24:44 +0000] "GET /test/question HTTP/1.1" 304 - "-" "Mozilla/5.0 (Macintosh; Intel Mac OS X 10_14_6) AppleWebKit/537.36 (KHTML, like Gecko) Chrome/89.0.4389.114 Safari/537.36"
::1 - - [12/Apr/2021:16:24:44 +0000] "GET /stylesheets/style.css HTTP/1.1" 304 - "http://localhost:3000/test/question" "Mozilla/5.0 (Macintosh; Intel Mac OS X 10_14_6) AppleWebKit/537.36 (KHTML, like Gecko) Chrome/89.0.4389.114 Safari/537.36"
::1 - - [12/Apr/2021:16:27:20 +0000] "GET /test/question?token=123 HTTP/1.1" 200 182 "-" "Mozilla/5.0 (Macintosh; Intel Mac OS X 10_14_6) AppleWebKit/537.36 (KHTML, like Gecko) Chrome/89.0.4389.114 Safari/537.36"
::1 - - [12/Apr/2021:16:27:20 +0000] "GET /stylesheets/style.css HTTP/1.1" 304 - "http://localhost:3000/test/question?token=123" "Mozilla/5.0 (Macintosh; Intel Mac OS X 10_14_6) AppleWebKit/537.36 (KHTML, like Gecko) Chrome/89.0.4389.114 Safari/537.36"
::1 - - [12/Apr/2021:16:28:47 +0000] "GET /test/question?token=123 HTTP/1.1" 304 - "-" "Mozilla/5.0 (Macintosh; Intel Mac OS X 10_14_6) AppleWebKit/537.36 (KHTML, like Gecko) Chrome/89.0.4389.114 Safari/537.36"
::1 - - [12/Apr/2021:16:28:47 +0000] "GET /stylesheets/style.css HTTP/1.1" 304 - "http://localhost:3000/test/question?token=123" "Mozilla/5.0 (Macintosh; Intel Mac OS X 10_14_6) AppleWebKit/537.36 (KHTML, like Gecko) Chrome/89.0.4389.114 Safari/537.36"
::1 - - [13/Apr/2021:01:03:55 +0000] "GET /test/question?token=123 HTTP/1.1" 304 - "-" "Mozilla/5.0 (Macintosh; Intel Mac OS X 10_14_6) AppleWebKit/537.36 (KHTML, like Gecko) Chrome/89.0.4389.114 Safari/537.36"
::1 - - [13/Apr/2021:01:03:55 +0000] "GET /stylesheets/style.css HTTP/1.1" 304 - "http://localhost:3000/test/question?token=123" "Mozilla/5.0 (Macintosh; Intel Mac OS X 10_14_6) AppleWebKit/537.36 (KHTML, like Gecko) Chrome/89.0.4389.114 Safari/537.36"
::1 - - [13/Apr/2021:01:13:48 +0000] "GET /test/question?token=123 HTTP/1.1" 304 - "-" "Mozilla/5.0 (Macintosh; Intel Mac OS X 10_14_6) AppleWebKit/537.36 (KHTML, like Gecko) Chrome/89.0.4389.114 Safari/537.36"
::1 - - [13/Apr/2021:01:13:48 +0000] "GET /stylesheets/style.css HTTP/1.1" 304 - "http://localhost:3000/test/question?token=123" "Mozilla/5.0 (Macintosh; Intel Mac OS X 10_14_6) AppleWebKit/537.36 (KHTML, like Gecko) Chrome/89.0.4389.114 Safari/537.36"
::1 - - [13/Apr/2021:01:14:38 +0000] "GET /test/question?token=123 HTTP/1.1" 304 - "-" "Mozilla/5.0 (Macintosh; Intel Mac OS X 10_14_6) AppleWebKit/537.36 (KHTML, like Gecko) Chrome/89.0.4389.114 Safari/537.36"
::1 - - [13/Apr/2021:01:14:38 +0000] "GET /stylesheets/style.css HTTP/1.1" 304 - "http://localhost:3000/test/question?token=123" "Mozilla/5.0 (Macintosh; Intel Mac OS X 10_14_6) AppleWebKit/537.36 (KHTML, like Gecko) Chrome/89.0.4389.114 Safari/537.36"
::1 - - [13/Apr/2021:01:28:47 +0000] "GET /test/answer?token=ticket-504-5e4d45e6b044a6-899f-498c-a95e-c0aff9717c2d HTTP/1.1" 200 182 "-" "Mozilla/5.0 (Macintosh; Intel Mac OS X 10_14_6) AppleWebKit/537.36 (KHTML, like Gecko) Chrome/89.0.4389.114 Safari/537.36"
::1 - - [13/Apr/2021:01:28:47 +0000] "GET /stylesheets/style.css HTTP/1.1" 200 119 "http://localhost:3000/test/answer?token=ticket-504-5e4d45e6b044a6-899f-498c-a95e-c0aff9717c2d" "Mozilla/5.0 (Macintosh; Intel Mac OS X 10_14_6) AppleWebKit/537.36 (KHTML, like Gecko) Chrome/89.0.4389.114 Safari/537.36"
::1 - - [13/Apr/2021:01:29:03 +0000] "GET /test/question?token=ticket-504-5e4d45e6b044a6-899f-498c-a95e-c0aff9717c2d HTTP/1.1" 200 182 "-" "Mozilla/5.0 (Macintosh; Intel Mac OS X 10_14_6) AppleWebKit/537.36 (KHTML, like Gecko) Chrome/89.0.4389.114 Safari/537.36"
::1 - - [13/Apr/2021:01:29:03 +0000] "GET /stylesheets/style.css HTTP/1.1" 304 - "http://localhost:3000/test/question?token=ticket-504-5e4d45e6b044a6-899f-498c-a95e-c0aff9717c2d" "Mozilla/5.0 (Macintosh; Intel Mac OS X 10_14_6) AppleWebKit/537.36 (KHTML, like Gecko) Chrome/89.0.4389.114 Safari/537.36"
::1 - - [13/Apr/2021:01:37:46 +0000] "GET /test/question?token=ticket-504-5e4d45e6b044a6-899f-498c-a95e-c0aff9717c2d HTTP/1.1" 304 - "-" "Mozilla/5.0 (Macintosh; Intel Mac OS X 10_14_6) AppleWebKit/537.36 (KHTML, like Gecko) Chrome/89.0.4389.114 Safari/537.36"
::1 - - [13/Apr/2021:01:37:46 +0000] "GET /stylesheets/style.css HTTP/1.1" 304 - "http://localhost:3000/test/question?token=ticket-504-5e4d45e6b044a6-899f-498c-a95e-c0aff9717c2d" "Mozilla/5.0 (Macintosh; Intel Mac OS X 10_14_6) AppleWebKit/537.36 (KHTML, like Gecko) Chrome/89.0.4389.114 Safari/537.36"
::1 - - [13/Apr/2021:03:08:14 +0000] "GET /test/question?token=ticket-504-5e4d45bf5d095e-78a6-4e30-b768-3d5088f61cfc HTTP/1.1" 200 182 "-" "Mozilla/5.0 (Macintosh; Intel Mac OS X 10_14_6) AppleWebKit/537.36 (KHTML, like Gecko) Chrome/89.0.4389.114 Safari/537.36"
::1 - - [13/Apr/2021:03:08:14 +0000] "GET /stylesheets/style.css HTTP/1.1" 304 - "http://localhost:3000/test/question?token=ticket-504-5e4d45bf5d095e-78a6-4e30-b768-3d5088f61cfc" "Mozilla/5.0 (Macintosh; Intel Mac OS X 10_14_6) AppleWebKit/537.36 (KHTML, like Gecko) Chrome/89.0.4389.114 Safari/537.36"
::1 - - [13/Apr/2021:05:57:24 +0000] "GET /test/question?token=ticket-504-5e4d45bf5d095e-78a6-4e30-b768-3d5088f61cfc HTTP/1.1" 304 - "-" "Mozilla/5.0 (Macintosh; Intel Mac OS X 10_14_6) AppleWebKit/537.36 (KHTML, like Gecko) Chrome/89.0.4389.114 Safari/537.36"
::1 - - [13/Apr/2021:05:57:24 +0000] "GET /stylesheets/style.css HTTP/1.1" 304 - "http://localhost:3000/test/question?token=ticket-504-5e4d45bf5d095e-78a6-4e30-b768-3d5088f61cfc" "Mozilla/5.0 (Macintosh; Intel Mac OS X 10_14_6) AppleWebKit/537.36 (KHTML, like Gecko) Chrome/89.0.4389.114 Safari/537.36"
::1 - - [13/Apr/2021:06:23:19 +0000] "GET /test/question?token=ticket-504-5e4d45bf5d095e-78a6-4e30-b768-3d5088f61cfc&target=58000 HTTP/1.1" 200 182 "-" "Mozilla/5.0 (Macintosh; Intel Mac OS X 10_14_6) AppleWebKit/537.36 (KHTML, like Gecko) Chrome/89.0.4389.114 Safari/537.36"
::1 - - [13/Apr/2021:06:23:19 +0000] "GET /stylesheets/style.css HTTP/1.1" 304 - "http://localhost:3000/test/question?token=ticket-504-5e4d45bf5d095e-78a6-4e30-b768-3d5088f61cfc&target=58000" "Mozilla/5.0 (Macintosh; Intel Mac OS X 10_14_6) AppleWebKit/537.36 (KHTML, like Gecko) Chrome/89.0.4389.114 Safari/537.36"
::1 - - [13/Apr/2021:06:25:23 +0000] "GET /test/question?token=ticket-504-5e4d45bf5d095e-78a6-4e30-b768-3d5088f61cfc&target=58000 HTTP/1.1" 304 - "-" "Mozilla/5.0 (Macintosh; Intel Mac OS X 10_14_6) AppleWebKit/537.36 (KHTML, like Gecko) Chrome/89.0.4389.114 Safari/537.36"
::1 - - [13/Apr/2021:06:25:23 +0000] "GET /stylesheets/style.css HTTP/1.1" 304 - "http://localhost:3000/test/question?token=ticket-504-5e4d45bf5d095e-78a6-4e30-b768-3d5088f61cfc&target=58000" "Mozilla/5.0 (Macintosh; Intel Mac OS X 10_14_6) AppleWebKit/537.36 (KHTML, like Gecko) Chrome/89.0.4389.114 Safari/537.36"
::1 - - [13/Apr/2021:06:28:28 +0000] "GET /test/question?token=ticket-504-5e4d45bf5d095e-78a6-4e30-b768-3d5088f61cfc&target=58000 HTTP/1.1" 304 - "-" "Mozilla/5.0 (Macintosh; Intel Mac OS X 10_14_6) AppleWebKit/537.36 (KHTML, like Gecko) Chrome/89.0.4389.114 Safari/537.36"
::1 - - [13/Apr/2021:06:28:28 +0000] "GET /stylesheets/style.css HTTP/1.1" 304 - "http://localhost:3000/test/question?token=ticket-504-5e4d45bf5d095e-78a6-4e30-b768-3d5088f61cfc&target=58000" "Mozilla/5.0 (Macintosh; Intel Mac OS X 10_14_6) AppleWebKit/537.36 (KHTML, like Gecko) Chrome/89.0.4389.114 Safari/537.36"
::1 - - [13/Apr/2021:06:31:12 +0000] "GET /test/question?token=ticket-504-5e4d45bf5d095e-78a6-4e30-b768-3d5088f61cfc&target=58000 HTTP/1.1" 304 - "-" "Mozilla/5.0 (Macintosh; Intel Mac OS X 10_14_6) AppleWebKit/537.36 (KHTML, like Gecko) Chrome/89.0.4389.114 Safari/537.36"
::1 - - [13/Apr/2021:06:31:12 +0000] "GET /stylesheets/style.css HTTP/1.1" 304 - "http://localhost:3000/test/question?token=ticket-504-5e4d45bf5d095e-78a6-4e30-b768-3d5088f61cfc&target=58000" "Mozilla/5.0 (Macintosh; Intel Mac OS X 10_14_6) AppleWebKit/537.36 (KHTML, like Gecko) Chrome/89.0.4389.114 Safari/537.36"
::1 - - [13/Apr/2021:06:34:28 +0000] "GET /test/question?token=ticket-504-5e4d45bf5d095e-78a6-4e30-b768-3d5088f61cfc&target=58000 HTTP/1.1" 304 - "-" "Mozilla/5.0 (Macintosh; Intel Mac OS X 10_14_6) AppleWebKit/537.36 (KHTML, like Gecko) Chrome/89.0.4389.114 Safari/537.36"
::1 - - [13/Apr/2021:06:34:28 +0000] "GET /stylesheets/style.css HTTP/1.1" 304 - "http://localhost:3000/test/question?token=ticket-504-5e4d45bf5d095e-78a6-4e30-b768-3d5088f61cfc&target=58000" "Mozilla/5.0 (Macintosh; Intel Mac OS X 10_14_6) AppleWebKit/537.36 (KHTML, like Gecko) Chrome/89.0.4389.114 Safari/537.36"
::1 - - [13/Apr/2021:06:35:33 +0000] "GET /test/question?token=ticket-504-5e4d45bf5d095e-78a6-4e30-b768-3d5088f61cfc&target=58000 HTTP/1.1" 304 - "-" "Mozilla/5.0 (Macintosh; Intel Mac OS X 10_14_6) AppleWebKit/537.36 (KHTML, like Gecko) Chrome/89.0.4389.114 Safari/537.36"
::1 - - [13/Apr/2021:06:35:33 +0000] "GET /stylesheets/style.css HTTP/1.1" 304 - "http://localhost:3000/test/question?token=ticket-504-5e4d45bf5d095e-78a6-4e30-b768-3d5088f61cfc&target=58000" "Mozilla/5.0 (Macintosh; Intel Mac OS X 10_14_6) AppleWebKit/537.36 (KHTML, like Gecko) Chrome/89.0.4389.114 Safari/537.36"
::1 - - [13/Apr/2021:07:10:06 +0000] "GET /test/question?token=ticket-504-5e4d45bf5d095e-78a6-4e30-b768-3d5088f61cfc&target=58000 HTTP/1.1" 304 - "-" "Mozilla/5.0 (Macintosh; Intel Mac OS X 10_14_6) AppleWebKit/537.36 (KHTML, like Gecko) Chrome/89.0.4389.114 Safari/537.36"
::1 - - [13/Apr/2021:07:10:06 +0000] "GET /stylesheets/style.css HTTP/1.1" 304 - "http://localhost:3000/test/question?token=ticket-504-5e4d45bf5d095e-78a6-4e30-b768-3d5088f61cfc&target=58000" "Mozilla/5.0 (Macintosh; Intel Mac OS X 10_14_6) AppleWebKit/537.36 (KHTML, like Gecko) Chrome/89.0.4389.114 Safari/537.36"
::1 - - [13/Apr/2021:07:13:10 +0000] "GET /test/question?token=ticket-504-5e4d45bf5d095e-78a6-4e30-b768-3d5088f61cfc&target=58000 HTTP/1.1" 304 - "-" "Mozilla/5.0 (Macintosh; Intel Mac OS X 10_14_6) AppleWebKit/537.36 (KHTML, like Gecko) Chrome/89.0.4389.114 Safari/537.36"
::1 - - [13/Apr/2021:07:13:10 +0000] "GET /stylesheets/style.css HTTP/1.1" 304 - "http://localhost:3000/test/question?token=ticket-504-5e4d45bf5d095e-78a6-4e30-b768-3d5088f61cfc&target=58000" "Mozilla/5.0 (Macintosh; Intel Mac OS X 10_14_6) AppleWebKit/537.36 (KHTML, like Gecko) Chrome/89.0.4389.114 Safari/537.36"
::1 - - [13/Apr/2021:07:16:55 +0000] "GET /test/question?token=ticket-504-5e4d45bf5d095e-78a6-4e30-b768-3d5088f61cfc&target=64500 HTTP/1.1" 500 182 "-" "Mozilla/5.0 (Macintosh; Intel Mac OS X 10_14_6) AppleWebKit/537.36 (KHTML, like Gecko) Chrome/89.0.4389.114 Safari/537.36"
::1 - - [13/Apr/2021:07:16:55 +0000] "GET /stylesheets/style.css HTTP/1.1" 304 - "http://localhost:3000/test/question?token=ticket-504-5e4d45bf5d095e-78a6-4e30-b768-3d5088f61cfc&target=64500" "Mozilla/5.0 (Macintosh; Intel Mac OS X 10_14_6) AppleWebKit/537.36 (KHTML, like Gecko) Chrome/89.0.4389.114 Safari/537.36"
::1 - - [13/Apr/2021:07:19:44 +0000] "GET /test/question?token=ticket-504-5e4d45bf5d095e-78a6-4e30-b768-3d5088f61cfc&target=65000 HTTP/1.1" 500 182 "-" "Mozilla/5.0 (Macintosh; Intel Mac OS X 10_14_6) AppleWebKit/537.36 (KHTML, like Gecko) Chrome/89.0.4389.114 Safari/537.36"
::1 - - [13/Apr/2021:07:19:44 +0000] "GET /stylesheets/style.css HTTP/1.1" 304 - "http://localhost:3000/test/question?token=ticket-504-5e4d45bf5d095e-78a6-4e30-b768-3d5088f61cfc&target=65000" "Mozilla/5.0 (Macintosh; Intel Mac OS X 10_14_6) AppleWebKit/537.36 (KHTML, like Gecko) Chrome/89.0.4389.114 Safari/537.36"
::1 - - [13/Apr/2021:07:23:59 +0000] "GET /test/question?token=ticket-504-5e4d45bf5d095e-78a6-4e30-b768-3d5088f61cfc&target=65000 HTTP/1.1" 304 - "-" "Mozilla/5.0 (Macintosh; Intel Mac OS X 10_14_6) AppleWebKit/537.36 (KHTML, like Gecko) Chrome/89.0.4389.114 Safari/537.36"
::1 - - [13/Apr/2021:07:26:06 +0000] "GET /test/question?token=ticket-504-5e4d45bf5d095e-78a6-4e30-b768-3d5088f61cfc&target=65000 HTTP/1.1" 304 - "-" "Mozilla/5.0 (Macintosh; Intel Mac OS X 10_14_6) AppleWebKit/537.36 (KHTML, like Gecko) Chrome/89.0.4389.114 Safari/537.36"
::1 - - [13/Apr/2021:07:26:06 +0000] "GET /stylesheets/style.css HTTP/1.1" 304 - "http://localhost:3000/test/question?token=ticket-504-5e4d45bf5d095e-78a6-4e30-b768-3d5088f61cfc&target=65000" "Mozilla/5.0 (Macintosh; Intel Mac OS X 10_14_6) AppleWebKit/537.36 (KHTML, like Gecko) Chrome/89.0.4389.114 Safari/537.36"
::1 - - [13/Apr/2021:07:31:33 +0000] "GET /test/question?token=ticket-504-5e4d45bf5d095e-78a6-4e30-b768-3d5088f61cfc&target=65400 HTTP/1.1" 200 182 "-" "Mozilla/5.0 (Macintosh; Intel Mac OS X 10_14_6) AppleWebKit/537.36 (KHTML, like Gecko) Chrome/89.0.4389.114 Safari/537.36"
::1 - - [13/Apr/2021:07:31:33 +0000] "GET /stylesheets/style.css HTTP/1.1" 304 - "http://localhost:3000/test/question?token=ticket-504-5e4d45bf5d095e-78a6-4e30-b768-3d5088f61cfc&target=65400" "Mozilla/5.0 (Macintosh; Intel Mac OS X 10_14_6) AppleWebKit/537.36 (KHTML, like Gecko) Chrome/89.0.4389.114 Safari/537.36"
::1 - - [13/Apr/2021:08:01:54 +0000] "GET /test/question?token=ticket-504-5e4d45bf5d095e-78a6-4e30-b768-3d5088f61cfc&target=66000 HTTP/1.1" 304 - "-" "Mozilla/5.0 (Macintosh; Intel Mac OS X 10_14_6) AppleWebKit/537.36 (KHTML, like Gecko) Chrome/89.0.4389.114 Safari/537.36"
::1 - - [13/Apr/2021:08:01:54 +0000] "GET /stylesheets/style.css HTTP/1.1" 304 - "http://localhost:3000/test/question?token=ticket-504-5e4d45bf5d095e-78a6-4e30-b768-3d5088f61cfc&target=66000" "Mozilla/5.0 (Macintosh; Intel Mac OS X 10_14_6) AppleWebKit/537.36 (KHTML, like Gecko) Chrome/89.0.4389.114 Safari/537.36"
::1 - - [13/Apr/2021:08:08:14 +0000] "GET /test/question?token=ticket-504-5e4d45bf5d095e-78a6-4e30-b768-3d5088f61cfc&target=67000 HTTP/1.1" 200 182 "-" "Mozilla/5.0 (Macintosh; Intel Mac OS X 10_14_6) AppleWebKit/537.36 (KHTML, like Gecko) Chrome/89.0.4389.114 Safari/537.36"
::1 - - [13/Apr/2021:08:08:14 +0000] "GET /stylesheets/style.css HTTP/1.1" 304 - "http://localhost:3000/test/question?token=ticket-504-5e4d45bf5d095e-78a6-4e30-b768-3d5088f61cfc&target=67000" "Mozilla/5.0 (Macintosh; Intel Mac OS X 10_14_6) AppleWebKit/537.36 (KHTML, like Gecko) Chrome/89.0.4389.114 Safari/537.36"
::1 - - [13/Apr/2021:08:19:57 +0000] "GET /test/question?token=ticket-504-5e4d45bf5d095e-78a6-4e30-b768-3d5088f61cfc&target=67500 HTTP/1.1" 200 182 "-" "Mozilla/5.0 (Macintosh; Intel Mac OS X 10_14_6) AppleWebKit/537.36 (KHTML, like Gecko) Chrome/89.0.4389.114 Safari/537.36"
::1 - - [13/Apr/2021:08:19:57 +0000] "GET /stylesheets/style.css HTTP/1.1" 304 - "http://localhost:3000/test/question?token=ticket-504-5e4d45bf5d095e-78a6-4e30-b768-3d5088f61cfc&target=67500" "Mozilla/5.0 (Macintosh; Intel Mac OS X 10_14_6) AppleWebKit/537.36 (KHTML, like Gecko) Chrome/89.0.4389.114 Safari/537.36"
::1 - - [13/Apr/2021:08:23:42 +0000] "GET /test/question?token=ticket-504-5e4d45bf5d095e-78a6-4e30-b768-3d5088f61cfc&target=68400 HTTP/1.1" 500 182 "-" "Mozilla/5.0 (Macintosh; Intel Mac OS X 10_14_6) AppleWebKit/537.36 (KHTML, like Gecko) Chrome/89.0.4389.114 Safari/537.36"
::1 - - [13/Apr/2021:08:23:42 +0000] "GET /stylesheets/style.css HTTP/1.1" 304 - "http://localhost:3000/test/question?token=ticket-504-5e4d45bf5d095e-78a6-4e30-b768-3d5088f61cfc&target=68400" "Mozilla/5.0 (Macintosh; Intel Mac OS X 10_14_6) AppleWebKit/537.36 (KHTML, like Gecko) Chrome/89.0.4389.114 Safari/537.36"
::1 - - [13/Apr/2021:08:31:05 +0000] "GET /test/question?token=ticket-504-5e4d45bf5d095e-78a6-4e30-b768-3d5088f61cfc&target=68400 HTTP/1.1" 500 - "-" "Mozilla/5.0 (Macintosh; Intel Mac OS X 10_14_6) AppleWebKit/537.36 (KHTML, like Gecko) Chrome/89.0.4389.114 Safari/537.36"
::1 - - [13/Apr/2021:08:31:05 +0000] "GET /stylesheets/style.css HTTP/1.1" 304 - "http://localhost:3000/test/question?token=ticket-504-5e4d45bf5d095e-78a6-4e30-b768-3d5088f61cfc&target=68400" "Mozilla/5.0 (Macintosh; Intel Mac OS X 10_14_6) AppleWebKit/537.36 (KHTML, like Gecko) Chrome/89.0.4389.114 Safari/537.36"
::1 - - [13/Apr/2021:08:46:34 +0000] "GET /test/question?token=ticket-504-5e4d45bf5d095e-78a6-4e30-b768-3d5088f61cfc&target=68400 HTTP/1.1" 500 - "-" "Mozilla/5.0 (Macintosh; Intel Mac OS X 10_14_6) AppleWebKit/537.36 (KHTML, like Gecko) Chrome/89.0.4389.114 Safari/537.36"
::1 - - [13/Apr/2021:08:46:34 +0000] "GET /stylesheets/style.css HTTP/1.1" 304 - "http://localhost:3000/test/question?token=ticket-504-5e4d45bf5d095e-78a6-4e30-b768-3d5088f61cfc&target=68400" "Mozilla/5.0 (Macintosh; Intel Mac OS X 10_14_6) AppleWebKit/537.36 (KHTML, like Gecko) Chrome/89.0.4389.114 Safari/537.36"
::1 - - [13/Apr/2021:08:46:44 +0000] "GET /test/question?token=ticket-504-5e4d45bf5d095e-78a6-4e30-b768-3d5088f61cfc&target=70000 HTTP/1.1" 500 182 "-" "Mozilla/5.0 (Macintosh; Intel Mac OS X 10_14_6) AppleWebKit/537.36 (KHTML, like Gecko) Chrome/89.0.4389.114 Safari/537.36"
::1 - - [13/Apr/2021:08:46:44 +0000] "GET /stylesheets/style.css HTTP/1.1" 304 - "http://localhost:3000/test/question?token=ticket-504-5e4d45bf5d095e-78a6-4e30-b768-3d5088f61cfc&target=70000" "Mozilla/5.0 (Macintosh; Intel Mac OS X 10_14_6) AppleWebKit/537.36 (KHTML, like Gecko) Chrome/89.0.4389.114 Safari/537.36"
::1 - - [13/Apr/2021:08:48:27 +0000] "GET /test/question?token=ticket-504-5e4d45bf5d095e-78a6-4e30-b768-3d5088f61cfc&target=70000 HTTP/1.1" 500 - "-" "Mozilla/5.0 (Macintosh; Intel Mac OS X 10_14_6) AppleWebKit/537.36 (KHTML, like Gecko) Chrome/89.0.4389.114 Safari/537.36"
::1 - - [13/Apr/2021:08:48:27 +0000] "GET /stylesheets/style.css HTTP/1.1" 304 - "http://localhost:3000/test/question?token=ticket-504-5e4d45bf5d095e-78a6-4e30-b768-3d5088f61cfc&target=70000" "Mozilla/5.0 (Macintosh; Intel Mac OS X 10_14_6) AppleWebKit/537.36 (KHTML, like Gecko) Chrome/89.0.4389.114 Safari/537.36"
::1 - - [13/Apr/2021:08:54:00 +0000] "GET /test/question?token=ticket-504-5e4d45bf5d095e-78a6-4e30-b768-3d5088f61cfc&target=70000 HTTP/1.1" 304 - "-" "Mozilla/5.0 (Macintosh; Intel Mac OS X 10_14_6) AppleWebKit/537.36 (KHTML, like Gecko) Chrome/89.0.4389.114 Safari/537.36"
::1 - - [13/Apr/2021:08:54:00 +0000] "GET /stylesheets/style.css HTTP/1.1" 304 - "http://localhost:3000/test/question?token=ticket-504-5e4d45bf5d095e-78a6-4e30-b768-3d5088f61cfc&target=70000" "Mozilla/5.0 (Macintosh; Intel Mac OS X 10_14_6) AppleWebKit/537.36 (KHTML, like Gecko) Chrome/89.0.4389.114 Safari/537.36"
