::1 - - [14/Jan/2021:13:23:20 +0000] "GET / HTTP/1.1" 404 992 "-" "Mozilla/5.0 (Windows NT 10.0; WOW64) AppleWebKit/537.36 (KHTML, like Gecko) Chrome/80.0.3987.87 Safari/537.36 SE 2.X MetaSr 1.0"
::1 - - [14/Jan/2021:13:23:20 +0000] "GET /stylesheets/style.css HTTP/1.1" 200 119 "http://localhost:3000/" "Mozilla/5.0 (Windows NT 10.0; WOW64) AppleWebKit/537.36 (KHTML, like Gecko) Chrome/80.0.3987.87 Safari/537.36 SE 2.X MetaSr 1.0"
::1 - - [14/Jan/2021:13:23:25 +0000] "GET /test HTTP/1.1" 200 206 "-" "Mozilla/5.0 (Windows NT 10.0; WOW64) AppleWebKit/537.36 (KHTML, like Gecko) Chrome/80.0.3987.87 Safari/537.36 SE 2.X MetaSr 1.0"
::1 - - [14/Jan/2021:13:23:25 +0000] "GET /stylesheets/style.css HTTP/1.1" 304 - "http://localhost:3000/test" "Mozilla/5.0 (Windows NT 10.0; WOW64) AppleWebKit/537.36 (KHTML, like Gecko) Chrome/80.0.3987.87 Safari/537.36 SE 2.X MetaSr 1.0"
::1 - - [14/Jan/2021:13:39:59 +0000] "GET /test HTTP/1.1" 304 - "-" "Mozilla/5.0 (Windows NT 10.0; WOW64) AppleWebKit/537.36 (KHTML, like Gecko) Chrome/80.0.3987.87 Safari/537.36 SE 2.X MetaSr 1.0"
::1 - - [14/Jan/2021:13:39:59 +0000] "GET /stylesheets/style.css HTTP/1.1" 304 - "http://localhost:3000/test" "Mozilla/5.0 (Windows NT 10.0; WOW64) AppleWebKit/537.36 (KHTML, like Gecko) Chrome/80.0.3987.87 Safari/537.36 SE 2.X MetaSr 1.0"
::1 - - [14/Jan/2021:13:40:52 +0000] "GET /test HTTP/1.1" 304 - "-" "Mozilla/5.0 (Windows NT 10.0; WOW64) AppleWebKit/537.36 (KHTML, like Gecko) Chrome/80.0.3987.87 Safari/537.36 SE 2.X MetaSr 1.0"
::1 - - [14/Jan/2021:13:40:52 +0000] "GET /stylesheets/style.css HTTP/1.1" 304 - "http://localhost:3000/test" "Mozilla/5.0 (Windows NT 10.0; WOW64) AppleWebKit/537.36 (KHTML, like Gecko) Chrome/80.0.3987.87 Safari/537.36 SE 2.X MetaSr 1.0"
::1 - - [14/Jan/2021:13:40:54 +0000] "GET /test HTTP/1.1" 304 - "-" "Mozilla/5.0 (Windows NT 10.0; WOW64) AppleWebKit/537.36 (KHTML, like Gecko) Chrome/80.0.3987.87 Safari/537.36 SE 2.X MetaSr 1.0"
::1 - - [14/Jan/2021:13:40:54 +0000] "GET /stylesheets/style.css HTTP/1.1" 304 - "http://localhost:3000/test" "Mozilla/5.0 (Windows NT 10.0; WOW64) AppleWebKit/537.36 (KHTML, like Gecko) Chrome/80.0.3987.87 Safari/537.36 SE 2.X MetaSr 1.0"
::1 - - [14/Jan/2021:13:40:55 +0000] "GET /test HTTP/1.1" 304 - "-" "Mozilla/5.0 (Windows NT 10.0; WOW64) AppleWebKit/537.36 (KHTML, like Gecko) Chrome/80.0.3987.87 Safari/537.36 SE 2.X MetaSr 1.0"
::1 - - [14/Jan/2021:13:40:55 +0000] "GET /stylesheets/style.css HTTP/1.1" 304 - "http://localhost:3000/test" "Mozilla/5.0 (Windows NT 10.0; WOW64) AppleWebKit/537.36 (KHTML, like Gecko) Chrome/80.0.3987.87 Safari/537.36 SE 2.X MetaSr 1.0"
::1 - - [14/Jan/2021:13:41:46 +0000] "GET /test HTTP/1.1" 304 - "-" "Mozilla/5.0 (Windows NT 10.0; WOW64) AppleWebKit/537.36 (KHTML, like Gecko) Chrome/80.0.3987.87 Safari/537.36 SE 2.X MetaSr 1.0"
::1 - - [14/Jan/2021:13:41:46 +0000] "GET /stylesheets/style.css HTTP/1.1" 304 - "http://localhost:3000/test" "Mozilla/5.0 (Windows NT 10.0; WOW64) AppleWebKit/537.36 (KHTML, like Gecko) Chrome/80.0.3987.87 Safari/537.36 SE 2.X MetaSr 1.0"
::1 - - [14/Jan/2021:13:42:59 +0000] "GET /test HTTP/1.1" 304 - "-" "Mozilla/5.0 (Windows NT 10.0; WOW64) AppleWebKit/537.36 (KHTML, like Gecko) Chrome/80.0.3987.87 Safari/537.36 SE 2.X MetaSr 1.0"
::1 - - [14/Jan/2021:13:42:59 +0000] "GET /stylesheets/style.css HTTP/1.1" 304 - "http://localhost:3000/test" "Mozilla/5.0 (Windows NT 10.0; WOW64) AppleWebKit/537.36 (KHTML, like Gecko) Chrome/80.0.3987.87 Safari/537.36 SE 2.X MetaSr 1.0"
::1 - - [14/Jan/2021:13:43:32 +0000] "GET /test HTTP/1.1" 304 - "-" "Mozilla/5.0 (Windows NT 10.0; WOW64) AppleWebKit/537.36 (KHTML, like Gecko) Chrome/80.0.3987.87 Safari/537.36 SE 2.X MetaSr 1.0"
::1 - - [14/Jan/2021:13:43:32 +0000] "GET /stylesheets/style.css HTTP/1.1" 304 - "http://localhost:3000/test" "Mozilla/5.0 (Windows NT 10.0; WOW64) AppleWebKit/537.36 (KHTML, like Gecko) Chrome/80.0.3987.87 Safari/537.36 SE 2.X MetaSr 1.0"
::1 - - [14/Jan/2021:13:43:50 +0000] "GET /test HTTP/1.1" 304 - "-" "Mozilla/5.0 (Windows NT 10.0; WOW64) AppleWebKit/537.36 (KHTML, like Gecko) Chrome/80.0.3987.87 Safari/537.36 SE 2.X MetaSr 1.0"
::1 - - [14/Jan/2021:13:43:50 +0000] "GET /stylesheets/style.css HTTP/1.1" 304 - "http://localhost:3000/test" "Mozilla/5.0 (Windows NT 10.0; WOW64) AppleWebKit/537.36 (KHTML, like Gecko) Chrome/80.0.3987.87 Safari/537.36 SE 2.X MetaSr 1.0"
::1 - - [14/Jan/2021:13:44:26 +0000] "GET /test HTTP/1.1" 304 - "-" "Mozilla/5.0 (Windows NT 10.0; WOW64) AppleWebKit/537.36 (KHTML, like Gecko) Chrome/80.0.3987.87 Safari/537.36 SE 2.X MetaSr 1.0"
::1 - - [14/Jan/2021:13:44:26 +0000] "GET /stylesheets/style.css HTTP/1.1" 304 - "http://localhost:3000/test" "Mozilla/5.0 (Windows NT 10.0; WOW64) AppleWebKit/537.36 (KHTML, like Gecko) Chrome/80.0.3987.87 Safari/537.36 SE 2.X MetaSr 1.0"
::1 - - [14/Jan/2021:13:44:39 +0000] "GET /stylesheets/style.css HTTP/1.1" 304 - "http://localhost:3000/test" "Mozilla/5.0 (Windows NT 10.0; WOW64) AppleWebKit/537.36 (KHTML, like Gecko) Chrome/80.0.3987.87 Safari/537.36 SE 2.X MetaSr 1.0"
::ffff:127.0.0.1 - - [14/Jan/2021:13:45:21 +0000] "GET /test HTTP/1.1" 304 - "-" "Mozilla/5.0 (Windows NT 10.0; WOW64) AppleWebKit/537.36 (KHTML, like Gecko) Chrome/80.0.3987.87 Safari/537.36 SE 2.X MetaSr 1.0"
::ffff:127.0.0.1 - - [14/Jan/2021:13:45:21 +0000] "GET /stylesheets/style.css HTTP/1.1" 304 - "http://localhost:3000/test" "Mozilla/5.0 (Windows NT 10.0; WOW64) AppleWebKit/537.36 (KHTML, like Gecko) Chrome/80.0.3987.87 Safari/537.36 SE 2.X MetaSr 1.0"
::1 - - [14/Jan/2021:13:46:11 +0000] "GET /test HTTP/1.1" 304 - "-" "Mozilla/5.0 (Windows NT 10.0; WOW64) AppleWebKit/537.36 (KHTML, like Gecko) Chrome/80.0.3987.87 Safari/537.36 SE 2.X MetaSr 1.0"
::1 - - [14/Jan/2021:13:46:11 +0000] "GET /stylesheets/style.css HTTP/1.1" 304 - "http://localhost:3000/test" "Mozilla/5.0 (Windows NT 10.0; WOW64) AppleWebKit/537.36 (KHTML, like Gecko) Chrome/80.0.3987.87 Safari/537.36 SE 2.X MetaSr 1.0"
::ffff:127.0.0.1 - - [14/Jan/2021:13:46:41 +0000] "GET /test HTTP/1.1" 304 - "-" "Mozilla/5.0 (Windows NT 10.0; WOW64) AppleWebKit/537.36 (KHTML, like Gecko) Chrome/80.0.3987.87 Safari/537.36 SE 2.X MetaSr 1.0"
::ffff:127.0.0.1 - - [14/Jan/2021:13:46:41 +0000] "GET /stylesheets/style.css HTTP/1.1" 304 - "http://localhost:3000/test" "Mozilla/5.0 (Windows NT 10.0; WOW64) AppleWebKit/537.36 (KHTML, like Gecko) Chrome/80.0.3987.87 Safari/537.36 SE 2.X MetaSr 1.0"
::1 - - [14/Jan/2021:13:48:22 +0000] "GET /test HTTP/1.1" 304 - "-" "Mozilla/5.0 (Windows NT 10.0; WOW64) AppleWebKit/537.36 (KHTML, like Gecko) Chrome/80.0.3987.87 Safari/537.36 SE 2.X MetaSr 1.0"
::1 - - [14/Jan/2021:13:48:22 +0000] "GET /stylesheets/style.css HTTP/1.1" 304 - "http://localhost:3000/test" "Mozilla/5.0 (Windows NT 10.0; WOW64) AppleWebKit/537.36 (KHTML, like Gecko) Chrome/80.0.3987.87 Safari/537.36 SE 2.X MetaSr 1.0"
::1 - - [14/Jan/2021:13:48:56 +0000] "GET /test HTTP/1.1" 304 - "-" "Mozilla/5.0 (Windows NT 10.0; WOW64) AppleWebKit/537.36 (KHTML, like Gecko) Chrome/80.0.3987.87 Safari/537.36 SE 2.X MetaSr 1.0"
::1 - - [14/Jan/2021:13:48:56 +0000] "GET /stylesheets/style.css HTTP/1.1" 304 - "http://localhost:3000/test" "Mozilla/5.0 (Windows NT 10.0; WOW64) AppleWebKit/537.36 (KHTML, like Gecko) Chrome/80.0.3987.87 Safari/537.36 SE 2.X MetaSr 1.0"
::1 - - [14/Jan/2021:13:52:49 +0000] "GET /test HTTP/1.1" 304 - "-" "Mozilla/5.0 (Windows NT 10.0; WOW64) AppleWebKit/537.36 (KHTML, like Gecko) Chrome/80.0.3987.87 Safari/537.36 SE 2.X MetaSr 1.0"
::1 - - [14/Jan/2021:13:52:49 +0000] "GET /stylesheets/style.css HTTP/1.1" 304 - "http://localhost:3000/test" "Mozilla/5.0 (Windows NT 10.0; WOW64) AppleWebKit/537.36 (KHTML, like Gecko) Chrome/80.0.3987.87 Safari/537.36 SE 2.X MetaSr 1.0"
::1 - - [14/Jan/2021:14:30:37 +0000] "GET /test HTTP/1.1" 304 - "-" "Mozilla/5.0 (Windows NT 10.0; WOW64) AppleWebKit/537.36 (KHTML, like Gecko) Chrome/80.0.3987.87 Safari/537.36 SE 2.X MetaSr 1.0"
::1 - - [14/Jan/2021:14:30:37 +0000] "GET /stylesheets/style.css HTTP/1.1" 304 - "http://localhost:3000/test" "Mozilla/5.0 (Windows NT 10.0; WOW64) AppleWebKit/537.36 (KHTML, like Gecko) Chrome/80.0.3987.87 Safari/537.36 SE 2.X MetaSr 1.0"
::1 - - [14/Jan/2021:14:33:31 +0000] "GET /test HTTP/1.1" 304 - "-" "Mozilla/5.0 (Windows NT 10.0; WOW64) AppleWebKit/537.36 (KHTML, like Gecko) Chrome/80.0.3987.87 Safari/537.36 SE 2.X MetaSr 1.0"
::1 - - [14/Jan/2021:14:33:31 +0000] "GET /stylesheets/style.css HTTP/1.1" 304 - "http://localhost:3000/test" "Mozilla/5.0 (Windows NT 10.0; WOW64) AppleWebKit/537.36 (KHTML, like Gecko) Chrome/80.0.3987.87 Safari/537.36 SE 2.X MetaSr 1.0"
::1 - - [14/Jan/2021:14:35:01 +0000] "GET /test HTTP/1.1" 304 - "-" "Mozilla/5.0 (Windows NT 10.0; WOW64) AppleWebKit/537.36 (KHTML, like Gecko) Chrome/80.0.3987.87 Safari/537.36 SE 2.X MetaSr 1.0"
::1 - - [14/Jan/2021:14:35:01 +0000] "GET /stylesheets/style.css HTTP/1.1" 304 - "http://localhost:3000/test" "Mozilla/5.0 (Windows NT 10.0; WOW64) AppleWebKit/537.36 (KHTML, like Gecko) Chrome/80.0.3987.87 Safari/537.36 SE 2.X MetaSr 1.0"
::1 - - [14/Jan/2021:14:37:37 +0000] "GET /test HTTP/1.1" 304 - "-" "Mozilla/5.0 (Windows NT 10.0; WOW64) AppleWebKit/537.36 (KHTML, like Gecko) Chrome/80.0.3987.87 Safari/537.36 SE 2.X MetaSr 1.0"
::1 - - [14/Jan/2021:14:37:37 +0000] "GET /stylesheets/style.css HTTP/1.1" 304 - "http://localhost:3000/test" "Mozilla/5.0 (Windows NT 10.0; WOW64) AppleWebKit/537.36 (KHTML, like Gecko) Chrome/80.0.3987.87 Safari/537.36 SE 2.X MetaSr 1.0"
::ffff:112.48.49.176 - - [14/Jan/2021:15:46:45 +0000] "GET /favicon.ico HTTP/1.1" 404 942 "-" "Mozilla/5.0 (Windows NT 10.0; WOW64) AppleWebKit/537.36 (KHTML, like Gecko) Chrome/80.0.3987.87 Safari/537.36 SE 2.X MetaSr 1.0"
::ffff:112.48.49.176 - - [14/Jan/2021:15:46:45 +0000] "GET /test HTTP/1.1" 200 206 "-" "Mozilla/5.0 (Windows NT 10.0; WOW64) AppleWebKit/537.36 (KHTML, like Gecko) Chrome/80.0.3987.87 Safari/537.36 SE 2.X MetaSr 1.0"
::ffff:112.48.49.176 - - [14/Jan/2021:15:46:45 +0000] "GET /stylesheets/style.css HTTP/1.1" 200 119 "http://121.4.13.87:3000/test" "Mozilla/5.0 (Windows NT 10.0; WOW64) AppleWebKit/537.36 (KHTML, like Gecko) Chrome/80.0.3987.87 Safari/537.36 SE 2.X MetaSr 1.0"
