::1 - - [12/Apr/2021:15:14:58 +0000] "GET /test/dati HTTP/1.1" 200 182 "-" "Mozilla/5.0 (Macintosh; Intel Mac OS X 10_14_6) AppleWebKit/537.36 (KHTML, like Gecko) Chrome/89.0.4389.114 Safari/537.36"
::1 - - [12/Apr/2021:15:14:58 +0000] "GET /stylesheets/style.css HTTP/1.1" 200 119 "http://localhost:3000/test/dati" "Mozilla/5.0 (Macintosh; Intel Mac OS X 10_14_6) AppleWebKit/537.36 (KHTML, like Gecko) Chrome/89.0.4389.114 Safari/537.36"
::1 - - [12/Apr/2021:15:14:58 +0000] "GET /favicon.ico HTTP/1.1" 404 1192 "http://localhost:3000/test/dati" "Mozilla/5.0 (Macintosh; Intel Mac OS X 10_14_6) AppleWebKit/537.36 (KHTML, like Gecko) Chrome/89.0.4389.114 Safari/537.36"
::1 - - [12/Apr/2021:15:15:07 +0000] "GET /stylesheets/style.css HTTP/1.1" 304 - "http://localhost:3000/test/dati" "Mozilla/5.0 (Macintosh; Intel Mac OS X 10_14_6) AppleWebKit/537.36 (KHTML, like Gecko) Chrome/89.0.4389.114 Safari/537.36"
::1 - - [12/Apr/2021:15:15:13 +0000] "GET /test/dati HTTP/1.1" 304 - "-" "Mozilla/5.0 (Macintosh; Intel Mac OS X 10_14_6) AppleWebKit/537.36 (KHTML, like Gecko) Chrome/89.0.4389.114 Safari/537.36"
::1 - - [12/Apr/2021:15:15:13 +0000] "GET /stylesheets/style.css HTTP/1.1" 304 - "http://localhost:3000/test/dati" "Mozilla/5.0 (Macintosh; Intel Mac OS X 10_14_6) AppleWebKit/537.36 (KHTML, like Gecko) Chrome/89.0.4389.114 Safari/537.36"
::1 - - [12/Apr/2021:15:20:24 +0000] "GET /test/dati HTTP/1.1" 304 - "-" "Mozilla/5.0 (Macintosh; Intel Mac OS X 10_14_6) AppleWebKit/537.36 (KHTML, like Gecko) Chrome/89.0.4389.114 Safari/537.36"
::1 - - [12/Apr/2021:15:20:24 +0000] "GET /stylesheets/style.css HTTP/1.1" 304 - "http://localhost:3000/test/dati" "Mozilla/5.0 (Macintosh; Intel Mac OS X 10_14_6) AppleWebKit/537.36 (KHTML, like Gecko) Chrome/89.0.4389.114 Safari/537.36"
::1 - - [12/Apr/2021:15:21:11 +0000] "GET /test/dati HTTP/1.1" 200 184 "-" "Mozilla/5.0 (Macintosh; Intel Mac OS X 10_14_6) AppleWebKit/537.36 (KHTML, like Gecko) Chrome/89.0.4389.114 Safari/537.36"
::1 - - [12/Apr/2021:15:21:11 +0000] "GET /stylesheets/style.css HTTP/1.1" 304 - "http://localhost:3000/test/dati" "Mozilla/5.0 (Macintosh; Intel Mac OS X 10_14_6) AppleWebKit/537.36 (KHTML, like Gecko) Chrome/89.0.4389.114 Safari/537.36"
::1 - - [12/Apr/2021:15:21:55 +0000] "GET /test/dati HTTP/1.1" 304 - "-" "Mozilla/5.0 (Macintosh; Intel Mac OS X 10_14_6) AppleWebKit/537.36 (KHTML, like Gecko) Chrome/89.0.4389.114 Safari/537.36"
::1 - - [12/Apr/2021:15:21:55 +0000] "GET /stylesheets/style.css HTTP/1.1" 304 - "http://localhost:3000/test/dati" "Mozilla/5.0 (Macintosh; Intel Mac OS X 10_14_6) AppleWebKit/537.36 (KHTML, like Gecko) Chrome/89.0.4389.114 Safari/537.36"
::1 - - [12/Apr/2021:15:23:27 +0000] "GET /test/dati HTTP/1.1" 304 - "-" "Mozilla/5.0 (Macintosh; Intel Mac OS X 10_14_6) AppleWebKit/537.36 (KHTML, like Gecko) Chrome/89.0.4389.114 Safari/537.36"
::1 - - [12/Apr/2021:15:23:28 +0000] "GET /stylesheets/style.css HTTP/1.1" 304 - "http://localhost:3000/test/dati" "Mozilla/5.0 (Macintosh; Intel Mac OS X 10_14_6) AppleWebKit/537.36 (KHTML, like Gecko) Chrome/89.0.4389.114 Safari/537.36"
::1 - - [12/Apr/2021:15:23:57 +0000] "GET /test/dati HTTP/1.1" 304 - "-" "Mozilla/5.0 (Macintosh; Intel Mac OS X 10_14_6) AppleWebKit/537.36 (KHTML, like Gecko) Chrome/89.0.4389.114 Safari/537.36"
::1 - - [12/Apr/2021:15:23:57 +0000] "GET /stylesheets/style.css HTTP/1.1" 304 - "http://localhost:3000/test/dati" "Mozilla/5.0 (Macintosh; Intel Mac OS X 10_14_6) AppleWebKit/537.36 (KHTML, like Gecko) Chrome/89.0.4389.114 Safari/537.36"
::1 - - [12/Apr/2021:15:31:38 +0000] "GET /test/answer HTTP/1.1" 200 182 "-" "Mozilla/5.0 (Macintosh; Intel Mac OS X 10_14_6) AppleWebKit/537.36 (KHTML, like Gecko) Chrome/89.0.4389.114 Safari/537.36"
::1 - - [12/Apr/2021:15:31:38 +0000] "GET /stylesheets/style.css HTTP/1.1" 304 - "http://localhost:3000/test/answer" "Mozilla/5.0 (Macintosh; Intel Mac OS X 10_14_6) AppleWebKit/537.36 (KHTML, like Gecko) Chrome/89.0.4389.114 Safari/537.36"
::1 - - [12/Apr/2021:15:31:58 +0000] "GET /test/answer HTTP/1.1" 304 - "-" "Mozilla/5.0 (Macintosh; Intel Mac OS X 10_14_6) AppleWebKit/537.36 (KHTML, like Gecko) Chrome/89.0.4389.114 Safari/537.36"
::1 - - [12/Apr/2021:15:31:58 +0000] "GET /stylesheets/style.css HTTP/1.1" 304 - "http://localhost:3000/test/answer" "Mozilla/5.0 (Macintosh; Intel Mac OS X 10_14_6) AppleWebKit/537.36 (KHTML, like Gecko) Chrome/89.0.4389.114 Safari/537.36"
::1 - - [12/Apr/2021:15:32:40 +0000] "GET /test/answer HTTP/1.1" 304 - "-" "Mozilla/5.0 (Macintosh; Intel Mac OS X 10_14_6) AppleWebKit/537.36 (KHTML, like Gecko) Chrome/89.0.4389.114 Safari/537.36"
::1 - - [12/Apr/2021:15:32:40 +0000] "GET /stylesheets/style.css HTTP/1.1" 304 - "http://localhost:3000/test/answer" "Mozilla/5.0 (Macintosh; Intel Mac OS X 10_14_6) AppleWebKit/537.36 (KHTML, like Gecko) Chrome/89.0.4389.114 Safari/537.36"
::1 - - [12/Apr/2021:15:32:48 +0000] "GET /test/answer HTTP/1.1" 200 182 "-" "Mozilla/5.0 (Macintosh; Intel Mac OS X 10_14_6) AppleWebKit/537.36 (KHTML, like Gecko) Chrome/89.0.4389.114 Safari/537.36"
::1 - - [12/Apr/2021:15:32:48 +0000] "GET /stylesheets/style.css HTTP/1.1" 200 119 "http://localhost:3000/test/answer" "Mozilla/5.0 (Macintosh; Intel Mac OS X 10_14_6) AppleWebKit/537.36 (KHTML, like Gecko) Chrome/89.0.4389.114 Safari/537.36"
::1 - - [12/Apr/2021:15:33:56 +0000] "GET /test/answer HTTP/1.1" 200 182 "-" "Mozilla/5.0 (Macintosh; Intel Mac OS X 10_14_6) AppleWebKit/537.36 (KHTML, like Gecko) Chrome/89.0.4389.114 Safari/537.36"
::1 - - [12/Apr/2021:15:33:57 +0000] "GET /stylesheets/style.css HTTP/1.1" 200 119 "http://localhost:3000/test/answer" "Mozilla/5.0 (Macintosh; Intel Mac OS X 10_14_6) AppleWebKit/537.36 (KHTML, like Gecko) Chrome/89.0.4389.114 Safari/537.36"
::1 - - [12/Apr/2021:15:34:50 +0000] "GET /test/answer HTTP/1.1" 304 - "-" "Mozilla/5.0 (Macintosh; Intel Mac OS X 10_14_6) AppleWebKit/537.36 (KHTML, like Gecko) Chrome/89.0.4389.114 Safari/537.36"
::1 - - [12/Apr/2021:15:34:50 +0000] "GET /stylesheets/style.css HTTP/1.1" 304 - "http://localhost:3000/test/answer" "Mozilla/5.0 (Macintosh; Intel Mac OS X 10_14_6) AppleWebKit/537.36 (KHTML, like Gecko) Chrome/89.0.4389.114 Safari/537.36"
::1 - - [12/Apr/2021:15:34:53 +0000] "GET /test/answer HTTP/1.1" 304 - "-" "Mozilla/5.0 (Macintosh; Intel Mac OS X 10_14_6) AppleWebKit/537.36 (KHTML, like Gecko) Chrome/89.0.4389.114 Safari/537.36"
::1 - - [12/Apr/2021:15:34:53 +0000] "GET /stylesheets/style.css HTTP/1.1" 304 - "http://localhost:3000/test/answer" "Mozilla/5.0 (Macintosh; Intel Mac OS X 10_14_6) AppleWebKit/537.36 (KHTML, like Gecko) Chrome/89.0.4389.114 Safari/537.36"
::1 - - [12/Apr/2021:15:35:15 +0000] "GET /test/answer HTTP/1.1" 304 - "-" "Mozilla/5.0 (Macintosh; Intel Mac OS X 10_14_6) AppleWebKit/537.36 (KHTML, like Gecko) Chrome/89.0.4389.114 Safari/537.36"
::1 - - [12/Apr/2021:15:35:15 +0000] "GET /stylesheets/style.css HTTP/1.1" 304 - "http://localhost:3000/test/answer" "Mozilla/5.0 (Macintosh; Intel Mac OS X 10_14_6) AppleWebKit/537.36 (KHTML, like Gecko) Chrome/89.0.4389.114 Safari/537.36"
::1 - - [12/Apr/2021:15:39:50 +0000] "GET /test/answer HTTP/1.1" 304 - "-" "Mozilla/5.0 (Macintosh; Intel Mac OS X 10_14_6) AppleWebKit/537.36 (KHTML, like Gecko) Chrome/89.0.4389.114 Safari/537.36"
::1 - - [12/Apr/2021:15:39:50 +0000] "GET /stylesheets/style.css HTTP/1.1" 304 - "http://localhost:3000/test/answer" "Mozilla/5.0 (Macintosh; Intel Mac OS X 10_14_6) AppleWebKit/537.36 (KHTML, like Gecko) Chrome/89.0.4389.114 Safari/537.36"
::1 - - [12/Apr/2021:15:40:03 +0000] "GET /test/answer HTTP/1.1" 304 - "-" "Mozilla/5.0 (Macintosh; Intel Mac OS X 10_14_6) AppleWebKit/537.36 (KHTML, like Gecko) Chrome/89.0.4389.114 Safari/537.36"
::1 - - [12/Apr/2021:15:40:03 +0000] "GET /stylesheets/style.css HTTP/1.1" 304 - "http://localhost:3000/test/answer" "Mozilla/5.0 (Macintosh; Intel Mac OS X 10_14_6) AppleWebKit/537.36 (KHTML, like Gecko) Chrome/89.0.4389.114 Safari/537.36"
::1 - - [12/Apr/2021:15:40:14 +0000] "GET /test/answer HTTP/1.1" 304 - "-" "Mozilla/5.0 (Macintosh; Intel Mac OS X 10_14_6) AppleWebKit/537.36 (KHTML, like Gecko) Chrome/89.0.4389.114 Safari/537.36"
::1 - - [12/Apr/2021:15:40:14 +0000] "GET /stylesheets/style.css HTTP/1.1" 304 - "http://localhost:3000/test/answer" "Mozilla/5.0 (Macintosh; Intel Mac OS X 10_14_6) AppleWebKit/537.36 (KHTML, like Gecko) Chrome/89.0.4389.114 Safari/537.36"
::1 - - [12/Apr/2021:15:40:15 +0000] "GET /test/answer HTTP/1.1" 304 - "-" "Mozilla/5.0 (Macintosh; Intel Mac OS X 10_14_6) AppleWebKit/537.36 (KHTML, like Gecko) Chrome/89.0.4389.114 Safari/537.36"
::1 - - [12/Apr/2021:15:40:15 +0000] "GET /stylesheets/style.css HTTP/1.1" 304 - "http://localhost:3000/test/answer" "Mozilla/5.0 (Macintosh; Intel Mac OS X 10_14_6) AppleWebKit/537.36 (KHTML, like Gecko) Chrome/89.0.4389.114 Safari/537.36"
::1 - - [12/Apr/2021:15:40:15 +0000] "GET /test/answer HTTP/1.1" 304 - "-" "Mozilla/5.0 (Macintosh; Intel Mac OS X 10_14_6) AppleWebKit/537.36 (KHTML, like Gecko) Chrome/89.0.4389.114 Safari/537.36"
::1 - - [12/Apr/2021:15:40:15 +0000] "GET /stylesheets/style.css HTTP/1.1" 304 - "http://localhost:3000/test/answer" "Mozilla/5.0 (Macintosh; Intel Mac OS X 10_14_6) AppleWebKit/537.36 (KHTML, like Gecko) Chrome/89.0.4389.114 Safari/537.36"
::1 - - [12/Apr/2021:15:40:16 +0000] "GET /test/answer HTTP/1.1" 304 - "-" "Mozilla/5.0 (Macintosh; Intel Mac OS X 10_14_6) AppleWebKit/537.36 (KHTML, like Gecko) Chrome/89.0.4389.114 Safari/537.36"
::1 - - [12/Apr/2021:15:40:16 +0000] "GET /stylesheets/style.css HTTP/1.1" 304 - "http://localhost:3000/test/answer" "Mozilla/5.0 (Macintosh; Intel Mac OS X 10_14_6) AppleWebKit/537.36 (KHTML, like Gecko) Chrome/89.0.4389.114 Safari/537.36"
::1 - - [12/Apr/2021:15:40:16 +0000] "GET /test/answer HTTP/1.1" 304 - "-" "Mozilla/5.0 (Macintosh; Intel Mac OS X 10_14_6) AppleWebKit/537.36 (KHTML, like Gecko) Chrome/89.0.4389.114 Safari/537.36"
::1 - - [12/Apr/2021:15:40:16 +0000] "GET /stylesheets/style.css HTTP/1.1" 304 - "http://localhost:3000/test/answer" "Mozilla/5.0 (Macintosh; Intel Mac OS X 10_14_6) AppleWebKit/537.36 (KHTML, like Gecko) Chrome/89.0.4389.114 Safari/537.36"
::1 - - [12/Apr/2021:15:40:27 +0000] "GET /test/answer HTTP/1.1" 304 - "-" "Mozilla/5.0 (Macintosh; Intel Mac OS X 10_14_6) AppleWebKit/537.36 (KHTML, like Gecko) Chrome/89.0.4389.114 Safari/537.36"
::1 - - [12/Apr/2021:15:40:27 +0000] "GET /stylesheets/style.css HTTP/1.1" 304 - "http://localhost:3000/test/answer" "Mozilla/5.0 (Macintosh; Intel Mac OS X 10_14_6) AppleWebKit/537.36 (KHTML, like Gecko) Chrome/89.0.4389.114 Safari/537.36"
::1 - - [12/Apr/2021:15:40:30 +0000] "GET /test/answer HTTP/1.1" 304 - "-" "Mozilla/5.0 (Macintosh; Intel Mac OS X 10_14_6) AppleWebKit/537.36 (KHTML, like Gecko) Chrome/89.0.4389.114 Safari/537.36"
::1 - - [12/Apr/2021:15:40:30 +0000] "GET /stylesheets/style.css HTTP/1.1" 304 - "http://localhost:3000/test/answer" "Mozilla/5.0 (Macintosh; Intel Mac OS X 10_14_6) AppleWebKit/537.36 (KHTML, like Gecko) Chrome/89.0.4389.114 Safari/537.36"
::1 - - [12/Apr/2021:15:40:32 +0000] "GET /test/answer HTTP/1.1" 304 - "-" "Mozilla/5.0 (Macintosh; Intel Mac OS X 10_14_6) AppleWebKit/537.36 (KHTML, like Gecko) Chrome/89.0.4389.114 Safari/537.36"
::1 - - [12/Apr/2021:15:40:32 +0000] "GET /stylesheets/style.css HTTP/1.1" 304 - "http://localhost:3000/test/answer" "Mozilla/5.0 (Macintosh; Intel Mac OS X 10_14_6) AppleWebKit/537.36 (KHTML, like Gecko) Chrome/89.0.4389.114 Safari/537.36"
::1 - - [12/Apr/2021:15:40:45 +0000] "GET /test/answer HTTP/1.1" 304 - "-" "Mozilla/5.0 (Macintosh; Intel Mac OS X 10_14_6) AppleWebKit/537.36 (KHTML, like Gecko) Chrome/89.0.4389.114 Safari/537.36"
::1 - - [12/Apr/2021:15:40:45 +0000] "GET /stylesheets/style.css HTTP/1.1" 304 - "http://localhost:3000/test/answer" "Mozilla/5.0 (Macintosh; Intel Mac OS X 10_14_6) AppleWebKit/537.36 (KHTML, like Gecko) Chrome/89.0.4389.114 Safari/537.36"
::1 - - [12/Apr/2021:15:40:56 +0000] "GET /test/answer HTTP/1.1" 304 - "-" "Mozilla/5.0 (Macintosh; Intel Mac OS X 10_14_6) AppleWebKit/537.36 (KHTML, like Gecko) Chrome/89.0.4389.114 Safari/537.36"
::1 - - [12/Apr/2021:15:40:56 +0000] "GET /stylesheets/style.css HTTP/1.1" 304 - "http://localhost:3000/test/answer" "Mozilla/5.0 (Macintosh; Intel Mac OS X 10_14_6) AppleWebKit/537.36 (KHTML, like Gecko) Chrome/89.0.4389.114 Safari/537.36"
::1 - - [12/Apr/2021:15:41:15 +0000] "GET /test/answer HTTP/1.1" 304 - "-" "Mozilla/5.0 (Macintosh; Intel Mac OS X 10_14_6) AppleWebKit/537.36 (KHTML, like Gecko) Chrome/89.0.4389.114 Safari/537.36"
::1 - - [12/Apr/2021:15:41:15 +0000] "GET /stylesheets/style.css HTTP/1.1" 304 - "http://localhost:3000/test/answer" "Mozilla/5.0 (Macintosh; Intel Mac OS X 10_14_6) AppleWebKit/537.36 (KHTML, like Gecko) Chrome/89.0.4389.114 Safari/537.36"
::1 - - [12/Apr/2021:15:46:17 +0000] "GET /test/question HTTP/1.1" 200 182 "-" "Mozilla/5.0 (Macintosh; Intel Mac OS X 10_14_6) AppleWebKit/537.36 (KHTML, like Gecko) Chrome/89.0.4389.114 Safari/537.36"
::1 - - [12/Apr/2021:15:46:17 +0000] "GET /stylesheets/style.css HTTP/1.1" 304 - "http://localhost:3000/test/question" "Mozilla/5.0 (Macintosh; Intel Mac OS X 10_14_6) AppleWebKit/537.36 (KHTML, like Gecko) Chrome/89.0.4389.114 Safari/537.36"
::1 - - [12/Apr/2021:15:51:08 +0000] "GET /test/question HTTP/1.1" 304 - "-" "Mozilla/5.0 (Macintosh; Intel Mac OS X 10_14_6) AppleWebKit/537.36 (KHTML, like Gecko) Chrome/89.0.4389.114 Safari/537.36"
::1 - - [12/Apr/2021:15:51:08 +0000] "GET /stylesheets/style.css HTTP/1.1" 304 - "http://localhost:3000/test/question" "Mozilla/5.0 (Macintosh; Intel Mac OS X 10_14_6) AppleWebKit/537.36 (KHTML, like Gecko) Chrome/89.0.4389.114 Safari/537.36"
::1 - - [12/Apr/2021:15:52:36 +0000] "GET /test/question HTTP/1.1" 304 - "-" "Mozilla/5.0 (Macintosh; Intel Mac OS X 10_14_6) AppleWebKit/537.36 (KHTML, like Gecko) Chrome/89.0.4389.114 Safari/537.36"
::1 - - [12/Apr/2021:15:52:36 +0000] "GET /stylesheets/style.css HTTP/1.1" 304 - "http://localhost:3000/test/question" "Mozilla/5.0 (Macintosh; Intel Mac OS X 10_14_6) AppleWebKit/537.36 (KHTML, like Gecko) Chrome/89.0.4389.114 Safari/537.36"
::1 - - [12/Apr/2021:15:54:53 +0000] "GET /test/question HTTP/1.1" 304 - "-" "Mozilla/5.0 (Macintosh; Intel Mac OS X 10_14_6) AppleWebKit/537.36 (KHTML, like Gecko) Chrome/89.0.4389.114 Safari/537.36"
::1 - - [12/Apr/2021:15:54:53 +0000] "GET /stylesheets/style.css HTTP/1.1" 304 - "http://localhost:3000/test/question" "Mozilla/5.0 (Macintosh; Intel Mac OS X 10_14_6) AppleWebKit/537.36 (KHTML, like Gecko) Chrome/89.0.4389.114 Safari/537.36"
::1 - - [12/Apr/2021:15:58:27 +0000] "GET /test/question HTTP/1.1" 304 - "-" "Mozilla/5.0 (Macintosh; Intel Mac OS X 10_14_6) AppleWebKit/537.36 (KHTML, like Gecko) Chrome/89.0.4389.114 Safari/537.36"
::1 - - [12/Apr/2021:15:58:28 +0000] "GET /stylesheets/style.css HTTP/1.1" 304 - "http://localhost:3000/test/question" "Mozilla/5.0 (Macintosh; Intel Mac OS X 10_14_6) AppleWebKit/537.36 (KHTML, like Gecko) Chrome/89.0.4389.114 Safari/537.36"
::1 - - [12/Apr/2021:15:59:02 +0000] "GET /test/question HTTP/1.1" 304 - "-" "Mozilla/5.0 (Macintosh; Intel Mac OS X 10_14_6) AppleWebKit/537.36 (KHTML, like Gecko) Chrome/89.0.4389.114 Safari/537.36"
::1 - - [12/Apr/2021:15:59:02 +0000] "GET /stylesheets/style.css HTTP/1.1" 304 - "http://localhost:3000/test/question" "Mozilla/5.0 (Macintosh; Intel Mac OS X 10_14_6) AppleWebKit/537.36 (KHTML, like Gecko) Chrome/89.0.4389.114 Safari/537.36"
::1 - - [12/Apr/2021:15:59:48 +0000] "GET /test/question HTTP/1.1" 304 - "-" "Mozilla/5.0 (Macintosh; Intel Mac OS X 10_14_6) AppleWebKit/537.36 (KHTML, like Gecko) Chrome/89.0.4389.114 Safari/537.36"
::1 - - [12/Apr/2021:15:59:48 +0000] "GET /stylesheets/style.css HTTP/1.1" 304 - "http://localhost:3000/test/question" "Mozilla/5.0 (Macintosh; Intel Mac OS X 10_14_6) AppleWebKit/537.36 (KHTML, like Gecko) Chrome/89.0.4389.114 Safari/537.36"
