::1 - - [09/Feb/2021:02:38:57 +0000] "GET /birthday/birthday HTTP/1.1" 200 220 "-" "Mozilla/5.0 (Macintosh; Intel Mac OS X 10_14_6) AppleWebKit/537.36 (KHTML, like Gecko) Chrome/86.0.4240.198 Safari/537.36"
::1 - - [09/Feb/2021:02:38:57 +0000] "GET /stylesheets/style.css HTTP/1.1" - - "http://localhost:3000/birthday/birthday" "Mozilla/5.0 (Macintosh; Intel Mac OS X 10_14_6) AppleWebKit/537.36 (KHTML, like Gecko) Chrome/86.0.4240.198 Safari/537.36"
::1 - - [09/Feb/2021:02:38:57 +0000] "GET /stylesheets/style.css HTTP/1.1" 304 - "http://localhost:3000/birthday/birthday" "Mozilla/5.0 (Macintosh; Intel Mac OS X 10_14_6) AppleWebKit/537.36 (KHTML, like Gecko) Chrome/86.0.4240.198 Safari/537.36"
::1 - - [09/Feb/2021:02:46:01 +0000] "GET /birthday HTTP/1.1" 200 208 "-" "Mozilla/5.0 (Macintosh; Intel Mac OS X 10_14_6) AppleWebKit/537.36 (KHTML, like Gecko) Chrome/86.0.4240.198 Safari/537.36"
::1 - - [09/Feb/2021:02:46:02 +0000] "GET /stylesheets/style.css HTTP/1.1" - - "http://localhost:3000/birthday" "Mozilla/5.0 (Macintosh; Intel Mac OS X 10_14_6) AppleWebKit/537.36 (KHTML, like Gecko) Chrome/86.0.4240.198 Safari/537.36"
::1 - - [09/Feb/2021:02:46:02 +0000] "GET /stylesheets/style.css HTTP/1.1" 304 - "http://localhost:3000/birthday" "Mozilla/5.0 (Macintosh; Intel Mac OS X 10_14_6) AppleWebKit/537.36 (KHTML, like Gecko) Chrome/86.0.4240.198 Safari/537.36"
::1 - - [09/Feb/2021:02:49:08 +0000] "GET /birthday HTTP/1.1" 304 - "-" "Mozilla/5.0 (Macintosh; Intel Mac OS X 10_14_6) AppleWebKit/537.36 (KHTML, like Gecko) Chrome/86.0.4240.198 Safari/537.36"
::1 - - [09/Feb/2021:02:49:08 +0000] "GET /stylesheets/style.css HTTP/1.1" 304 - "http://localhost:3000/birthday" "Mozilla/5.0 (Macintosh; Intel Mac OS X 10_14_6) AppleWebKit/537.36 (KHTML, like Gecko) Chrome/86.0.4240.198 Safari/537.36"
::1 - - [09/Feb/2021:02:56:21 +0000] "GET /birthday HTTP/1.1" 304 - "-" "Mozilla/5.0 (Macintosh; Intel Mac OS X 10_14_6) AppleWebKit/537.36 (KHTML, like Gecko) Chrome/86.0.4240.198 Safari/537.36"
::1 - - [09/Feb/2021:02:56:21 +0000] "GET /stylesheets/style.css HTTP/1.1" 304 - "http://localhost:3000/birthday" "Mozilla/5.0 (Macintosh; Intel Mac OS X 10_14_6) AppleWebKit/537.36 (KHTML, like Gecko) Chrome/86.0.4240.198 Safari/537.36"
::1 - - [09/Feb/2021:03:01:40 +0000] "GET /birthday HTTP/1.1" 404 1112 "-" "Mozilla/5.0 (Macintosh; Intel Mac OS X 10_14_6) AppleWebKit/537.36 (KHTML, like Gecko) Chrome/86.0.4240.198 Safari/537.36"
::1 - - [09/Feb/2021:03:01:40 +0000] "GET /stylesheets/style.css HTTP/1.1" 304 - "http://localhost:3000/birthday" "Mozilla/5.0 (Macintosh; Intel Mac OS X 10_14_6) AppleWebKit/537.36 (KHTML, like Gecko) Chrome/86.0.4240.198 Safari/537.36"
::1 - - [09/Feb/2021:03:01:44 +0000] "GET /birthday/remind HTTP/1.1" 200 208 "-" "Mozilla/5.0 (Macintosh; Intel Mac OS X 10_14_6) AppleWebKit/537.36 (KHTML, like Gecko) Chrome/86.0.4240.198 Safari/537.36"
::1 - - [09/Feb/2021:03:01:44 +0000] "GET /stylesheets/style.css HTTP/1.1" 304 - "http://localhost:3000/birthday/remind" "Mozilla/5.0 (Macintosh; Intel Mac OS X 10_14_6) AppleWebKit/537.36 (KHTML, like Gecko) Chrome/86.0.4240.198 Safari/537.36"
::1 - - [09/Feb/2021:03:02:26 +0000] "GET /birthday/remind HTTP/1.1" 304 - "-" "Mozilla/5.0 (Macintosh; Intel Mac OS X 10_14_6) AppleWebKit/537.36 (KHTML, like Gecko) Chrome/86.0.4240.198 Safari/537.36"
::1 - - [09/Feb/2021:03:02:26 +0000] "GET /stylesheets/style.css HTTP/1.1" 304 - "http://localhost:3000/birthday/remind" "Mozilla/5.0 (Macintosh; Intel Mac OS X 10_14_6) AppleWebKit/537.36 (KHTML, like Gecko) Chrome/86.0.4240.198 Safari/537.36"
::1 - - [09/Feb/2021:03:03:22 +0000] "GET /birthday/remind HTTP/1.1" 304 - "-" "Mozilla/5.0 (Macintosh; Intel Mac OS X 10_14_6) AppleWebKit/537.36 (KHTML, like Gecko) Chrome/86.0.4240.198 Safari/537.36"
::1 - - [09/Feb/2021:03:03:22 +0000] "GET /stylesheets/style.css HTTP/1.1" 304 - "http://localhost:3000/birthday/remind" "Mozilla/5.0 (Macintosh; Intel Mac OS X 10_14_6) AppleWebKit/537.36 (KHTML, like Gecko) Chrome/86.0.4240.198 Safari/537.36"
::1 - - [09/Feb/2021:03:03:49 +0000] "GET /birthday/remind HTTP/1.1" 304 - "-" "Mozilla/5.0 (Macintosh; Intel Mac OS X 10_14_6) AppleWebKit/537.36 (KHTML, like Gecko) Chrome/86.0.4240.198 Safari/537.36"
::1 - - [09/Feb/2021:03:03:49 +0000] "GET /stylesheets/style.css HTTP/1.1" - - "http://localhost:3000/birthday/remind" "Mozilla/5.0 (Macintosh; Intel Mac OS X 10_14_6) AppleWebKit/537.36 (KHTML, like Gecko) Chrome/86.0.4240.198 Safari/537.36"
::1 - - [09/Feb/2021:03:03:49 +0000] "GET /stylesheets/style.css HTTP/1.1" 304 - "http://localhost:3000/birthday/remind" "Mozilla/5.0 (Macintosh; Intel Mac OS X 10_14_6) AppleWebKit/537.36 (KHTML, like Gecko) Chrome/86.0.4240.198 Safari/537.36"
::1 - - [09/Feb/2021:03:05:05 +0000] "GET /birthday/remind HTTP/1.1" 304 - "-" "Mozilla/5.0 (Macintosh; Intel Mac OS X 10_14_6) AppleWebKit/537.36 (KHTML, like Gecko) Chrome/86.0.4240.198 Safari/537.36"
::1 - - [09/Feb/2021:03:05:05 +0000] "GET /stylesheets/style.css HTTP/1.1" - - "http://localhost:3000/birthday/remind" "Mozilla/5.0 (Macintosh; Intel Mac OS X 10_14_6) AppleWebKit/537.36 (KHTML, like Gecko) Chrome/86.0.4240.198 Safari/537.36"
::1 - - [09/Feb/2021:03:05:05 +0000] "GET /stylesheets/style.css HTTP/1.1" 304 - "http://localhost:3000/birthday/remind" "Mozilla/5.0 (Macintosh; Intel Mac OS X 10_14_6) AppleWebKit/537.36 (KHTML, like Gecko) Chrome/86.0.4240.198 Safari/537.36"
::1 - - [09/Feb/2021:03:06:58 +0000] "GET /birthday/remind HTTP/1.1" 304 - "-" "Mozilla/5.0 (Macintosh; Intel Mac OS X 10_14_6) AppleWebKit/537.36 (KHTML, like Gecko) Chrome/86.0.4240.198 Safari/537.36"
::1 - - [09/Feb/2021:03:06:58 +0000] "GET /stylesheets/style.css HTTP/1.1" 304 - "http://localhost:3000/birthday/remind" "Mozilla/5.0 (Macintosh; Intel Mac OS X 10_14_6) AppleWebKit/537.36 (KHTML, like Gecko) Chrome/86.0.4240.198 Safari/537.36"
::1 - - [09/Feb/2021:03:17:46 +0000] "GET /birthday/remind HTTP/1.1" 304 - "-" "Mozilla/5.0 (Macintosh; Intel Mac OS X 10_14_6) AppleWebKit/537.36 (KHTML, like Gecko) Chrome/86.0.4240.198 Safari/537.36"
::1 - - [09/Feb/2021:03:17:46 +0000] "GET /stylesheets/style.css HTTP/1.1" 304 - "http://localhost:3000/birthday/remind" "Mozilla/5.0 (Macintosh; Intel Mac OS X 10_14_6) AppleWebKit/537.36 (KHTML, like Gecko) Chrome/86.0.4240.198 Safari/537.36"
::1 - - [09/Feb/2021:03:21:43 +0000] "GET /birthday/remind HTTP/1.1" 304 - "-" "Mozilla/5.0 (Macintosh; Intel Mac OS X 10_14_6) AppleWebKit/537.36 (KHTML, like Gecko) Chrome/86.0.4240.198 Safari/537.36"
::1 - - [09/Feb/2021:03:21:43 +0000] "GET /stylesheets/style.css HTTP/1.1" 304 - "http://localhost:3000/birthday/remind" "Mozilla/5.0 (Macintosh; Intel Mac OS X 10_14_6) AppleWebKit/537.36 (KHTML, like Gecko) Chrome/86.0.4240.198 Safari/537.36"
::1 - - [09/Feb/2021:03:23:15 +0000] "GET /birthday/remind HTTP/1.1" 304 - "-" "Mozilla/5.0 (Macintosh; Intel Mac OS X 10_14_6) AppleWebKit/537.36 (KHTML, like Gecko) Chrome/86.0.4240.198 Safari/537.36"
::1 - - [09/Feb/2021:03:23:15 +0000] "GET /stylesheets/style.css HTTP/1.1" 304 - "http://localhost:3000/birthday/remind" "Mozilla/5.0 (Macintosh; Intel Mac OS X 10_14_6) AppleWebKit/537.36 (KHTML, like Gecko) Chrome/86.0.4240.198 Safari/537.36"
::1 - - [09/Feb/2021:03:26:18 +0000] "GET /birthday/remind HTTP/1.1" 304 - "-" "Mozilla/5.0 (Macintosh; Intel Mac OS X 10_14_6) AppleWebKit/537.36 (KHTML, like Gecko) Chrome/86.0.4240.198 Safari/537.36"
::1 - - [09/Feb/2021:03:26:18 +0000] "GET /stylesheets/style.css HTTP/1.1" 304 - "http://localhost:3000/birthday/remind" "Mozilla/5.0 (Macintosh; Intel Mac OS X 10_14_6) AppleWebKit/537.36 (KHTML, like Gecko) Chrome/86.0.4240.198 Safari/537.36"
::1 - - [09/Feb/2021:06:36:48 +0000] "GET /test/remind HTTP/1.1" 404 1112 "-" "Mozilla/5.0 (Macintosh; Intel Mac OS X 10_14_6) AppleWebKit/537.36 (KHTML, like Gecko) Chrome/86.0.4240.198 Safari/537.36"
::1 - - [09/Feb/2021:06:36:48 +0000] "GET /stylesheets/style.css HTTP/1.1" 304 - "http://localhost:3000/test/remind" "Mozilla/5.0 (Macintosh; Intel Mac OS X 10_14_6) AppleWebKit/537.36 (KHTML, like Gecko) Chrome/86.0.4240.198 Safari/537.36"
::1 - - [09/Feb/2021:06:36:51 +0000] "GET /test/test HTTP/1.1" 200 220 "-" "Mozilla/5.0 (Macintosh; Intel Mac OS X 10_14_6) AppleWebKit/537.36 (KHTML, like Gecko) Chrome/86.0.4240.198 Safari/537.36"
::1 - - [09/Feb/2021:06:36:51 +0000] "GET /stylesheets/style.css HTTP/1.1" 304 - "http://localhost:3000/test/test" "Mozilla/5.0 (Macintosh; Intel Mac OS X 10_14_6) AppleWebKit/537.36 (KHTML, like Gecko) Chrome/86.0.4240.198 Safari/537.36"
